{"C:\\Users\\jpedferr\\projects\\climate-app\\src\\data\\wifiData.ts": {"path":"C:\\Users\\jpedferr\\projects\\climate-app\\src\\data\\wifiData.ts","statementMap":{"0":{"start":{"line":27,"column":13},"end":{"line":158,"column":2}},"1":{"start":{"line":161,"column":40},"end":{"line":201,"column":1}},"2":{"start":{"line":162,"column":46},"end":{"line":162,"column":48}},"3":{"start":{"line":165,"column":2},"end":{"line":188,"column":5}},"4":{"start":{"line":167,"column":22},"end":{"line":167,"column":51}},"5":{"start":{"line":168,"column":24},"end":{"line":168,"column":63}},"6":{"start":{"line":170,"column":4},"end":{"line":187,"column":5}},"7":{"start":{"line":170,"column":17},"end":{"line":170,"column":18}},"8":{"start":{"line":171,"column":20},"end":{"line":171,"column":51}},"9":{"start":{"line":172,"column":23},"end":{"line":172,"column":48}},"10":{"start":{"line":174,"column":18},"end":{"line":174,"column":60}},"11":{"start":{"line":175,"column":18},"end":{"line":175,"column":60}},"12":{"start":{"line":178,"column":33},"end":{"line":178,"column":53}},"13":{"start":{"line":179,"column":29},"end":{"line":179,"column":84}},"14":{"start":{"line":181,"column":6},"end":{"line":186,"column":9}},"15":{"start":{"line":191,"column":2},"end":{"line":198,"column":3}},"16":{"start":{"line":191,"column":15},"end":{"line":191,"column":16}},"17":{"start":{"line":192,"column":4},"end":{"line":197,"column":7}},"18":{"start":{"line":200,"column":2},"end":{"line":200,"column":24}},"19":{"start":{"line":161,"column":13},"end":{"line":161,"column":40}},"20":{"start":{"line":204,"column":13},"end":{"line":214,"column":2}},"21":{"start":{"line":217,"column":13},"end":{"line":226,"column":2}},"22":{"start":{"line":219,"column":43},"end":{"line":219,"column":53}},"23":{"start":{"line":220,"column":57},"end":{"line":220,"column":79}},"24":{"start":{"line":221,"column":55},"end":{"line":221,"column":75}},"25":{"start":{"line":222,"column":49},"end":{"line":222,"column":65}},"26":{"start":{"line":223,"column":56},"end":{"line":223,"column":78}},"27":{"start":{"line":224,"column":47},"end":{"line":224,"column":57}},"28":{"start":{"line":225,"column":51},"end":{"line":225,"column":71}},"29":{"start":{"line":225,"column":110},"end":{"line":225,"column":126}}},"fnMap":{"0":{"name":"(anonymous_0)","decl":{"start":{"line":161,"column":40},"end":{"line":161,"column":64}},"loc":{"start":{"line":161,"column":66},"end":{"line":201,"column":1}}},"1":{"name":"(anonymous_1)","decl":{"start":{"line":165,"column":23},"end":{"line":165,"column":30}},"loc":{"start":{"line":165,"column":33},"end":{"line":188,"column":3}}},"2":{"name":"(anonymous_2)","decl":{"start":{"line":219,"column":38},"end":{"line":219,"column":39}},"loc":{"start":{"line":219,"column":43},"end":{"line":219,"column":53}}},"3":{"name":"(anonymous_3)","decl":{"start":{"line":220,"column":45},"end":{"line":220,"column":46}},"loc":{"start":{"line":220,"column":57},"end":{"line":220,"column":79}}},"4":{"name":"(anonymous_4)","decl":{"start":{"line":221,"column":43},"end":{"line":221,"column":44}},"loc":{"start":{"line":221,"column":55},"end":{"line":221,"column":75}}},"5":{"name":"(anonymous_5)","decl":{"start":{"line":222,"column":37},"end":{"line":222,"column":38}},"loc":{"start":{"line":222,"column":49},"end":{"line":222,"column":65}}},"6":{"name":"(anonymous_6)","decl":{"start":{"line":223,"column":44},"end":{"line":223,"column":45}},"loc":{"start":{"line":223,"column":56},"end":{"line":223,"column":78}}},"7":{"name":"(anonymous_7)","decl":{"start":{"line":224,"column":42},"end":{"line":224,"column":43}},"loc":{"start":{"line":224,"column":47},"end":{"line":224,"column":57}}},"8":{"name":"(anonymous_8)","decl":{"start":{"line":225,"column":39},"end":{"line":225,"column":40}},"loc":{"start":{"line":225,"column":51},"end":{"line":225,"column":71}}},"9":{"name":"(anonymous_9)","decl":{"start":{"line":225,"column":98},"end":{"line":225,"column":99}},"loc":{"start":{"line":225,"column":110},"end":{"line":225,"column":126}}}},"branchMap":{},"s":{"0":0,"1":0,"2":0,"3":0,"4":0,"5":0,"6":0,"7":0,"8":0,"9":0,"10":0,"11":0,"12":0,"13":0,"14":0,"15":0,"16":0,"17":0,"18":0,"19":0,"20":0,"21":0,"22":0,"23":0,"24":0,"25":0,"26":0,"27":0,"28":0,"29":0},"f":{"0":0,"1":0,"2":0,"3":0,"4":0,"5":0,"6":0,"7":0,"8":0,"9":0},"b":{}}
,"C:\\Users\\jpedferr\\projects\\climate-app\\src\\modules\\dashboard\\index.ts": {"path":"C:\\Users\\jpedferr\\projects\\climate-app\\src\\modules\\dashboard\\index.ts","statementMap":{"0":{"start":{"line":1,"column":0},"end":{"line":1,"column":29}},"1":{"start":{"line":2,"column":0},"end":{"line":2,"column":24}}},"fnMap":{},"branchMap":{},"s":{"0":0,"1":0},"f":{},"b":{}}
,"C:\\Users\\jpedferr\\projects\\climate-app\\src\\modules\\dashboard\\hooks\\index.ts": {"path":"C:\\Users\\jpedferr\\projects\\climate-app\\src\\modules\\dashboard\\hooks\\index.ts","statementMap":{"0":{"start":{"line":1,"column":0},"end":{"line":1,"column":9}},"1":{"start":{"line":1,"column":9},"end":{"line":1,"column":42}},"2":{"start":{"line":2,"column":0},"end":{"line":2,"column":9}},"3":{"start":{"line":2,"column":9},"end":{"line":2,"column":48}}},"fnMap":{"0":{"name":"(anonymous_0)","decl":{"start":{"line":1,"column":9},"end":{"line":1,"column":19}},"loc":{"start":{"line":1,"column":9},"end":{"line":1,"column":42}}},"1":{"name":"(anonymous_1)","decl":{"start":{"line":2,"column":9},"end":{"line":2,"column":22}},"loc":{"start":{"line":2,"column":9},"end":{"line":2,"column":48}}}},"branchMap":{},"s":{"0":0,"1":0,"2":0,"3":0},"f":{"0":0,"1":0},"b":{}}
,"C:\\Users\\jpedferr\\projects\\climate-app\\src\\modules\\dashboard\\hooks\\useGreenZones.ts": {"path":"C:\\Users\\jpedferr\\projects\\climate-app\\src\\modules\\dashboard\\hooks\\useGreenZones.ts","statementMap":{"0":{"start":{"line":1,"column":0},"end":{"line":1,"column":44}},"1":{"start":{"line":3,"column":0},"end":{"line":3,"column":48}},"2":{"start":{"line":5,"column":29},"end":{"line":37,"column":1}},"3":{"start":{"line":6,"column":38},"end":{"line":6,"column":63}},"4":{"start":{"line":7,"column":32},"end":{"line":7,"column":46}},"5":{"start":{"line":8,"column":28},"end":{"line":8,"column":57}},"6":{"start":{"line":10,"column":26},"end":{"line":26,"column":4}},"7":{"start":{"line":10,"column":37},"end":{"line":26,"column":4}},"8":{"start":{"line":11,"column":4},"end":{"line":25,"column":5}},"9":{"start":{"line":12,"column":6},"end":{"line":12,"column":23}},"10":{"start":{"line":13,"column":6},"end":{"line":13,"column":21}},"11":{"start":{"line":14,"column":23},"end":{"line":14,"column":56}},"12":{"start":{"line":16,"column":6},"end":{"line":20,"column":7}},"13":{"start":{"line":17,"column":8},"end":{"line":17,"column":37}},"14":{"start":{"line":19,"column":8},"end":{"line":19,"column":68}},"15":{"start":{"line":22,"column":6},"end":{"line":22,"column":69}},"16":{"start":{"line":24,"column":6},"end":{"line":24,"column":24}},"17":{"start":{"line":28,"column":2},"end":{"line":30,"column":9}},"18":{"start":{"line":29,"column":4},"end":{"line":29,"column":22}},"19":{"start":{"line":32,"column":18},"end":{"line":34,"column":3}},"20":{"start":{"line":33,"column":4},"end":{"line":33,"column":22}},"21":{"start":{"line":36,"column":2},"end":{"line":36,"column":49}},"22":{"start":{"line":5,"column":13},"end":{"line":5,"column":29}}},"fnMap":{"0":{"name":"(anonymous_7)","decl":{"start":{"line":5,"column":29},"end":{"line":5,"column":32}},"loc":{"start":{"line":5,"column":34},"end":{"line":37,"column":1}}},"1":{"name":"(anonymous_8)","decl":{"start":{"line":10,"column":26},"end":{"line":10,"column":35}},"loc":{"start":{"line":10,"column":37},"end":{"line":26,"column":4}}},"2":{"name":"(anonymous_9)","decl":{"start":{"line":10,"column":37},"end":{"line":10,"column":null}},"loc":{"start":{"line":10,"column":37},"end":{"line":26,"column":3}}},"3":{"name":"(anonymous_10)","decl":{"start":{"line":28,"column":12},"end":{"line":28,"column":15}},"loc":{"start":{"line":28,"column":17},"end":{"line":30,"column":3}}},"4":{"name":"(anonymous_11)","decl":{"start":{"line":32,"column":18},"end":{"line":32,"column":21}},"loc":{"start":{"line":32,"column":23},"end":{"line":34,"column":3}}}},"branchMap":{"0":{"loc":{"start":{"line":16,"column":6},"end":{"line":20,"column":7}},"type":"if","locations":[{"start":{"line":16,"column":6},"end":{"line":20,"column":7}},{"start":{"line":18,"column":13},"end":{"line":20,"column":7}}]},"1":{"loc":{"start":{"line":16,"column":10},"end":{"line":16,"column":43}},"type":"binary-expr","locations":[{"start":{"line":16,"column":10},"end":{"line":16,"column":26}},{"start":{"line":16,"column":30},"end":{"line":16,"column":43}}]},"2":{"loc":{"start":{"line":19,"column":17},"end":{"line":19,"column":66}},"type":"binary-expr","locations":[{"start":{"line":19,"column":17},"end":{"line":19,"column":33}},{"start":{"line":19,"column":37},"end":{"line":19,"column":66}}]},"3":{"loc":{"start":{"line":22,"column":15},"end":{"line":22,"column":67}},"type":"cond-expr","locations":[{"start":{"line":22,"column":38},"end":{"line":22,"column":49}},{"start":{"line":22,"column":52},"end":{"line":22,"column":67}}]}},"s":{"0":0,"1":0,"2":0,"3":0,"4":0,"5":0,"6":0,"7":0,"8":0,"9":0,"10":0,"11":0,"12":0,"13":0,"14":0,"15":0,"16":0,"17":0,"18":0,"19":0,"20":0,"21":0,"22":0},"f":{"0":0,"1":0,"2":0,"3":0,"4":0},"b":{"0":[0,0],"1":[0,0],"2":[0,0],"3":[0,0]}}
,"C:\\Users\\jpedferr\\projects\\climate-app\\src\\modules\\dashboard\\hooks\\useSensors.ts": {"path":"C:\\Users\\jpedferr\\projects\\climate-app\\src\\modules\\dashboard\\hooks\\useSensors.ts","statementMap":{"0":{"start":{"line":1,"column":0},"end":{"line":1,"column":44}},"1":{"start":{"line":3,"column":0},"end":{"line":3,"column":48}},"2":{"start":{"line":5,"column":26},"end":{"line":37,"column":1}},"3":{"start":{"line":6,"column":32},"end":{"line":6,"column":54}},"4":{"start":{"line":7,"column":32},"end":{"line":7,"column":46}},"5":{"start":{"line":8,"column":28},"end":{"line":8,"column":57}},"6":{"start":{"line":10,"column":23},"end":{"line":26,"column":4}},"7":{"start":{"line":10,"column":34},"end":{"line":26,"column":4}},"8":{"start":{"line":11,"column":4},"end":{"line":25,"column":5}},"9":{"start":{"line":12,"column":6},"end":{"line":12,"column":23}},"10":{"start":{"line":13,"column":6},"end":{"line":13,"column":21}},"11":{"start":{"line":14,"column":23},"end":{"line":14,"column":53}},"12":{"start":{"line":16,"column":6},"end":{"line":20,"column":7}},"13":{"start":{"line":17,"column":8},"end":{"line":17,"column":34}},"14":{"start":{"line":19,"column":8},"end":{"line":19,"column":64}},"15":{"start":{"line":22,"column":6},"end":{"line":22,"column":69}},"16":{"start":{"line":24,"column":6},"end":{"line":24,"column":24}},"17":{"start":{"line":28,"column":2},"end":{"line":30,"column":9}},"18":{"start":{"line":29,"column":4},"end":{"line":29,"column":19}},"19":{"start":{"line":32,"column":18},"end":{"line":34,"column":3}},"20":{"start":{"line":33,"column":4},"end":{"line":33,"column":19}},"21":{"start":{"line":36,"column":2},"end":{"line":36,"column":46}},"22":{"start":{"line":5,"column":13},"end":{"line":5,"column":26}}},"fnMap":{"0":{"name":"(anonymous_7)","decl":{"start":{"line":5,"column":26},"end":{"line":5,"column":29}},"loc":{"start":{"line":5,"column":31},"end":{"line":37,"column":1}}},"1":{"name":"(anonymous_8)","decl":{"start":{"line":10,"column":23},"end":{"line":10,"column":32}},"loc":{"start":{"line":10,"column":34},"end":{"line":26,"column":4}}},"2":{"name":"(anonymous_9)","decl":{"start":{"line":10,"column":34},"end":{"line":10,"column":null}},"loc":{"start":{"line":10,"column":34},"end":{"line":26,"column":3}}},"3":{"name":"(anonymous_10)","decl":{"start":{"line":28,"column":12},"end":{"line":28,"column":15}},"loc":{"start":{"line":28,"column":17},"end":{"line":30,"column":3}}},"4":{"name":"(anonymous_11)","decl":{"start":{"line":32,"column":18},"end":{"line":32,"column":21}},"loc":{"start":{"line":32,"column":23},"end":{"line":34,"column":3}}}},"branchMap":{"0":{"loc":{"start":{"line":16,"column":6},"end":{"line":20,"column":7}},"type":"if","locations":[{"start":{"line":16,"column":6},"end":{"line":20,"column":7}},{"start":{"line":18,"column":13},"end":{"line":20,"column":7}}]},"1":{"loc":{"start":{"line":16,"column":10},"end":{"line":16,"column":43}},"type":"binary-expr","locations":[{"start":{"line":16,"column":10},"end":{"line":16,"column":26}},{"start":{"line":16,"column":30},"end":{"line":16,"column":43}}]},"2":{"loc":{"start":{"line":19,"column":17},"end":{"line":19,"column":62}},"type":"binary-expr","locations":[{"start":{"line":19,"column":17},"end":{"line":19,"column":33}},{"start":{"line":19,"column":37},"end":{"line":19,"column":62}}]},"3":{"loc":{"start":{"line":22,"column":15},"end":{"line":22,"column":67}},"type":"cond-expr","locations":[{"start":{"line":22,"column":38},"end":{"line":22,"column":49}},{"start":{"line":22,"column":52},"end":{"line":22,"column":67}}]}},"s":{"0":0,"1":0,"2":0,"3":0,"4":0,"5":0,"6":0,"7":0,"8":0,"9":0,"10":0,"11":0,"12":0,"13":0,"14":0,"15":0,"16":0,"17":0,"18":0,"19":0,"20":0,"21":0,"22":0},"f":{"0":0,"1":0,"2":0,"3":0,"4":0},"b":{"0":[0,0],"1":[0,0],"2":[0,0],"3":[0,0]}}
,"C:\\Users\\jpedferr\\projects\\climate-app\\src\\services\\httpService.ts": {"path":"C:\\Users\\jpedferr\\projects\\climate-app\\src\\services\\httpService.ts","statementMap":{"0":{"start":{"line":7,"column":4},"end":{"line":7,"column":27}},"1":{"start":{"line":11,"column":4},"end":{"line":31,"column":5}},"2":{"start":{"line":12,"column":23},"end":{"line":12,"column":39}},"3":{"start":{"line":14,"column":6},"end":{"line":16,"column":7}},"4":{"start":{"line":15,"column":8},"end":{"line":15,"column":66}},"5":{"start":{"line":18,"column":19},"end":{"line":18,"column":40}},"6":{"start":{"line":20,"column":6},"end":{"line":23,"column":8}},"7":{"start":{"line":25,"column":6},"end":{"line":25,"column":43}},"8":{"start":{"line":26,"column":6},"end":{"line":30,"column":8}},"9":{"start":{"line":35,"column":4},"end":{"line":35,"column":86}},"10":{"start":{"line":39,"column":4},"end":{"line":39,"column":92}},"11":{"start":{"line":43,"column":28},"end":{"line":43,"column":51}},"12":{"start":{"line":44,"column":4},"end":{"line":50,"column":5}},"13":{"start":{"line":45,"column":6},"end":{"line":49,"column":8}},"14":{"start":{"line":52,"column":19},"end":{"line":52,"column":70}},"15":{"start":{"line":52,"column":50},"end":{"line":52,"column":61}},"16":{"start":{"line":53,"column":4},"end":{"line":56,"column":6}},"17":{"start":{"line":60,"column":0},"end":{"line":60,"column":27}}},"fnMap":{"0":{"name":"(anonymous_7)","decl":{"start":{"line":6,"column":2},"end":{"line":6,"column":14}},"loc":{"start":{"line":6,"column":29},"end":{"line":8,"column":3}}},"1":{"name":"(anonymous_8)","decl":{"start":{"line":10,"column":16},"end":{"line":10,"column":38}},"loc":{"start":{"line":10,"column":53},"end":{"line":32,"column":null}}},"2":{"name":"(anonymous_10)","decl":{"start":{"line":34,"column":8},"end":{"line":34,"column":18}},"loc":{"start":{"line":34,"column":18},"end":{"line":36,"column":null}}},"3":{"name":"(anonymous_12)","decl":{"start":{"line":38,"column":8},"end":{"line":38,"column":21}},"loc":{"start":{"line":38,"column":21},"end":{"line":40,"column":null}}},"4":{"name":"(anonymous_14)","decl":{"start":{"line":42,"column":8},"end":{"line":42,"column":21}},"loc":{"start":{"line":42,"column":32},"end":{"line":57,"column":null}}},"5":{"name":"(anonymous_16)","decl":{"start":{"line":52,"column":45},"end":{"line":52,"column":46}},"loc":{"start":{"line":52,"column":50},"end":{"line":52,"column":61}}}},"branchMap":{"0":{"loc":{"start":{"line":14,"column":6},"end":{"line":16,"column":7}},"type":"if","locations":[{"start":{"line":14,"column":6},"end":{"line":16,"column":7}}]},"1":{"loc":{"start":{"line":29,"column":17},"end":{"line":29,"column":82}},"type":"cond-expr","locations":[{"start":{"line":29,"column":42},"end":{"line":29,"column":55}},{"start":{"line":29,"column":58},"end":{"line":29,"column":82}}]},"2":{"loc":{"start":{"line":44,"column":4},"end":{"line":50,"column":5}},"type":"if","locations":[{"start":{"line":44,"column":4},"end":{"line":50,"column":5}}]},"3":{"loc":{"start":{"line":44,"column":8},"end":{"line":44,"column":57}},"type":"binary-expr","locations":[{"start":{"line":44,"column":8},"end":{"line":44,"column":32}},{"start":{"line":44,"column":36},"end":{"line":44,"column":57}}]},"4":{"loc":{"start":{"line":52,"column":19},"end":{"line":52,"column":70}},"type":"binary-expr","locations":[{"start":{"line":52,"column":19},"end":{"line":52,"column":62}},{"start":{"line":52,"column":66},"end":{"line":52,"column":70}}]}},"s":{"0":0,"1":0,"2":0,"3":0,"4":0,"5":0,"6":0,"7":0,"8":0,"9":0,"10":0,"11":0,"12":0,"13":0,"14":0,"15":0,"16":0,"17":0},"f":{"0":0,"1":0,"2":0,"3":0,"4":0,"5":0},"b":{"0":[0],"1":[0,0],"2":[0],"3":[0,0],"4":[0,0]}}
,"C:\\Users\\jpedferr\\projects\\climate-app\\src\\services\\index.ts": {"path":"C:\\Users\\jpedferr\\projects\\climate-app\\src\\services\\index.ts","statementMap":{"0":{"start":{"line":1,"column":0},"end":{"line":1,"column":40}},"1":{"start":{"line":2,"column":0},"end":{"line":2,"column":38}},"2":{"start":{"line":5,"column":39},"end":{"line":5,"column":43}},"3":{"start":{"line":7,"column":30},"end":{"line":13,"column":1}},"4":{"start":{"line":8,"column":2},"end":{"line":11,"column":3}},"5":{"start":{"line":9,"column":19},"end":{"line":9,"column":30}},"6":{"start":{"line":10,"column":4},"end":{"line":10,"column":67}},"7":{"start":{"line":12,"column":2},"end":{"line":12,"column":22}},"8":{"start":{"line":7,"column":13},"end":{"line":7,"column":30}},"9":{"start":{"line":16,"column":13},"end":{"line":26,"column":3}},"10":{"start":{"line":18,"column":20},"end":{"line":18,"column":36}},"11":{"start":{"line":19,"column":18},"end":{"line":19,"column":52}},"12":{"start":{"line":21,"column":4},"end":{"line":23,"column":5}},"13":{"start":{"line":22,"column":6},"end":{"line":22,"column":33}},"14":{"start":{"line":24,"column":4},"end":{"line":24,"column":17}},"15":{"start":{"line":28,"column":0},"end":{"line":28,"column":30}}},"fnMap":{"0":{"name":"(anonymous_4)","decl":{"start":{"line":7,"column":30},"end":{"line":7,"column":46}},"loc":{"start":{"line":7,"column":48},"end":{"line":13,"column":1}}},"1":{"name":"(anonymous_5)","decl":{"start":{"line":17,"column":2},"end":{"line":17,"column":5}},"loc":{"start":{"line":17,"column":19},"end":{"line":25,"column":3}}}},"branchMap":{"0":{"loc":{"start":{"line":8,"column":2},"end":{"line":11,"column":3}},"type":"if","locations":[{"start":{"line":8,"column":2},"end":{"line":11,"column":3}}]},"1":{"loc":{"start":{"line":21,"column":4},"end":{"line":23,"column":5}},"type":"if","locations":[{"start":{"line":21,"column":4},"end":{"line":23,"column":5}}]}},"s":{"0":0,"1":0,"2":0,"3":0,"4":0,"5":0,"6":0,"7":0,"8":0,"9":0,"10":0,"11":0,"12":0,"13":0,"14":0,"15":0},"f":{"0":0,"1":0},"b":{"0":[0],"1":[0]}}
,"C:\\Users\\jpedferr\\projects\\climate-app\\src\\utils\\index.ts": {"path":"C:\\Users\\jpedferr\\projects\\climate-app\\src\\utils\\index.ts","statementMap":{"0":{"start":{"line":1,"column":33},"end":{"line":3,"column":1}},"1":{"start":{"line":2,"column":2},"end":{"line":2,"column":32}},"2":{"start":{"line":1,"column":13},"end":{"line":1,"column":33}},"3":{"start":{"line":5,"column":30},"end":{"line":7,"column":1}},"4":{"start":{"line":6,"column":2},"end":{"line":6,"column":24}},"5":{"start":{"line":5,"column":13},"end":{"line":5,"column":30}},"6":{"start":{"line":9,"column":32},"end":{"line":11,"column":1}},"7":{"start":{"line":10,"column":2},"end":{"line":10,"column":22}},"8":{"start":{"line":9,"column":13},"end":{"line":9,"column":32}},"9":{"start":{"line":13,"column":32},"end":{"line":15,"column":1}},"10":{"start":{"line":14,"column":2},"end":{"line":14,"column":23}},"11":{"start":{"line":13,"column":13},"end":{"line":13,"column":32}},"12":{"start":{"line":17,"column":35},"end":{"line":22,"column":1}},"13":{"start":{"line":18,"column":2},"end":{"line":18,"column":31}},"14":{"start":{"line":18,"column":17},"end":{"line":18,"column":31}},"15":{"start":{"line":19,"column":2},"end":{"line":19,"column":36}},"16":{"start":{"line":19,"column":18},"end":{"line":19,"column":36}},"17":{"start":{"line":20,"column":2},"end":{"line":20,"column":32}},"18":{"start":{"line":20,"column":18},"end":{"line":20,"column":32}},"19":{"start":{"line":21,"column":2},"end":{"line":21,"column":21}},"20":{"start":{"line":17,"column":13},"end":{"line":17,"column":35}},"21":{"start":{"line":24,"column":34},"end":{"line":33,"column":1}},"22":{"start":{"line":25,"column":17},"end":{"line":25,"column":41}},"23":{"start":{"line":26,"column":2},"end":{"line":32,"column":3}},"24":{"start":{"line":27,"column":17},"end":{"line":27,"column":34}},"25":{"start":{"line":28,"column":21},"end":{"line":28,"column":38}},"26":{"start":{"line":29,"column":17},"end":{"line":29,"column":34}},"27":{"start":{"line":30,"column":22},"end":{"line":30,"column":39}},"28":{"start":{"line":31,"column":13},"end":{"line":31,"column":30}},"29":{"start":{"line":24,"column":13},"end":{"line":24,"column":34}},"30":{"start":{"line":35,"column":26},"end":{"line":43,"column":1}},"31":{"start":{"line":36,"column":2},"end":{"line":38,"column":3}},"32":{"start":{"line":37,"column":4},"end":{"line":37,"column":48}},"33":{"start":{"line":39,"column":2},"end":{"line":41,"column":3}},"34":{"start":{"line":40,"column":4},"end":{"line":40,"column":45}},"35":{"start":{"line":42,"column":2},"end":{"line":42,"column":22}},"36":{"start":{"line":35,"column":13},"end":{"line":35,"column":26}},"37":{"start":{"line":45,"column":33},"end":{"line":58,"column":1}},"38":{"start":{"line":46,"column":15},"end":{"line":46,"column":35}},"39":{"start":{"line":47,"column":14},"end":{"line":47,"column":24}},"40":{"start":{"line":48,"column":24},"end":{"line":48,"column":82}},"41":{"start":{"line":50,"column":2},"end":{"line":50,"column":43}},"42":{"start":{"line":50,"column":25},"end":{"line":50,"column":43}},"43":{"start":{"line":51,"column":2},"end":{"line":51,"column":57}},"44":{"start":{"line":51,"column":26},"end":{"line":51,"column":57}},"45":{"start":{"line":53,"column":22},"end":{"line":53,"column":52}},"46":{"start":{"line":54,"column":2},"end":{"line":54,"column":53}},"47":{"start":{"line":54,"column":24},"end":{"line":54,"column":53}},"48":{"start":{"line":56,"column":21},"end":{"line":56,"column":49}},"49":{"start":{"line":57,"column":2},"end":{"line":57,"column":30}},"50":{"start":{"line":45,"column":13},"end":{"line":45,"column":33}},"51":{"start":{"line":60,"column":24},"end":{"line":69,"column":1}},"52":{"start":{"line":65,"column":2},"end":{"line":68,"column":10}},"53":{"start":{"line":66,"column":4},"end":{"line":66,"column":28}},"54":{"start":{"line":67,"column":4},"end":{"line":67,"column":55}},"55":{"start":{"line":67,"column":33},"end":{"line":67,"column":46}},"56":{"start":{"line":60,"column":13},"end":{"line":60,"column":24}}},"fnMap":{"0":{"name":"(anonymous_0)","decl":{"start":{"line":1,"column":33},"end":{"line":1,"column":34}},"loc":{"start":{"line":1,"column":58},"end":{"line":3,"column":1}}},"1":{"name":"(anonymous_1)","decl":{"start":{"line":5,"column":30},"end":{"line":5,"column":31}},"loc":{"start":{"line":5,"column":59},"end":{"line":7,"column":1}}},"2":{"name":"(anonymous_2)","decl":{"start":{"line":9,"column":32},"end":{"line":9,"column":33}},"loc":{"start":{"line":9,"column":56},"end":{"line":11,"column":1}}},"3":{"name":"(anonymous_3)","decl":{"start":{"line":13,"column":32},"end":{"line":13,"column":33}},"loc":{"start":{"line":13,"column":58},"end":{"line":15,"column":1}}},"4":{"name":"(anonymous_4)","decl":{"start":{"line":17,"column":35},"end":{"line":17,"column":36}},"loc":{"start":{"line":17,"column":95},"end":{"line":22,"column":1}}},"5":{"name":"(anonymous_5)","decl":{"start":{"line":24,"column":34},"end":{"line":24,"column":35}},"loc":{"start":{"line":24,"column":58},"end":{"line":33,"column":1}}},"6":{"name":"(anonymous_6)","decl":{"start":{"line":35,"column":26},"end":{"line":35,"column":27}},"loc":{"start":{"line":35,"column":51},"end":{"line":43,"column":1}}},"7":{"name":"(anonymous_7)","decl":{"start":{"line":45,"column":33},"end":{"line":45,"column":34}},"loc":{"start":{"line":45,"column":64},"end":{"line":58,"column":1}}},"8":{"name":"(anonymous_8)","decl":{"start":{"line":60,"column":24},"end":{"line":60,"column":null}},"loc":{"start":{"line":63,"column":7},"end":{"line":69,"column":1}}},"9":{"name":"(anonymous_9)","decl":{"start":{"line":65,"column":10},"end":{"line":65,"column":11}},"loc":{"start":{"line":65,"column":37},"end":{"line":68,"column":3}}},"10":{"name":"(anonymous_10)","decl":{"start":{"line":67,"column":27},"end":{"line":67,"column":30}},"loc":{"start":{"line":67,"column":33},"end":{"line":67,"column":46}}}},"branchMap":{"0":{"loc":{"start":{"line":18,"column":2},"end":{"line":18,"column":31}},"type":"if","locations":[{"start":{"line":18,"column":2},"end":{"line":18,"column":31}}]},"1":{"loc":{"start":{"line":19,"column":2},"end":{"line":19,"column":36}},"type":"if","locations":[{"start":{"line":19,"column":2},"end":{"line":19,"column":36}}]},"2":{"loc":{"start":{"line":20,"column":2},"end":{"line":20,"column":32}},"type":"if","locations":[{"start":{"line":20,"column":2},"end":{"line":20,"column":32}}]},"3":{"loc":{"start":{"line":26,"column":2},"end":{"line":32,"column":3}},"type":"switch","locations":[{"start":{"line":27,"column":4},"end":{"line":27,"column":34}},{"start":{"line":28,"column":4},"end":{"line":28,"column":38}},{"start":{"line":29,"column":4},"end":{"line":29,"column":34}},{"start":{"line":30,"column":4},"end":{"line":30,"column":39}},{"start":{"line":31,"column":4},"end":{"line":31,"column":30}}]},"4":{"loc":{"start":{"line":36,"column":2},"end":{"line":38,"column":3}},"type":"if","locations":[{"start":{"line":36,"column":2},"end":{"line":38,"column":3}}]},"5":{"loc":{"start":{"line":39,"column":2},"end":{"line":41,"column":3}},"type":"if","locations":[{"start":{"line":39,"column":2},"end":{"line":41,"column":3}}]},"6":{"loc":{"start":{"line":50,"column":2},"end":{"line":50,"column":43}},"type":"if","locations":[{"start":{"line":50,"column":2},"end":{"line":50,"column":43}}]},"7":{"loc":{"start":{"line":51,"column":2},"end":{"line":51,"column":57}},"type":"if","locations":[{"start":{"line":51,"column":2},"end":{"line":51,"column":57}}]},"8":{"loc":{"start":{"line":54,"column":2},"end":{"line":54,"column":53}},"type":"if","locations":[{"start":{"line":54,"column":2},"end":{"line":54,"column":53}}]}},"s":{"0":0,"1":0,"2":0,"3":0,"4":0,"5":0,"6":0,"7":0,"8":0,"9":0,"10":0,"11":0,"12":0,"13":0,"14":0,"15":0,"16":0,"17":0,"18":0,"19":0,"20":0,"21":0,"22":0,"23":0,"24":0,"25":0,"26":0,"27":0,"28":0,"29":0,"30":0,"31":0,"32":0,"33":0,"34":0,"35":0,"36":0,"37":0,"38":0,"39":0,"40":0,"41":0,"42":0,"43":0,"44":0,"45":0,"46":0,"47":0,"48":0,"49":0,"50":0,"51":0,"52":0,"53":0,"54":0,"55":0,"56":0},"f":{"0":0,"1":0,"2":0,"3":0,"4":0,"5":0,"6":0,"7":0,"8":0,"9":0,"10":0},"b":{"0":[0],"1":[0],"2":[0],"3":[0,0,0,0,0],"4":[0],"5":[0],"6":[0],"7":[0],"8":[0]}}
}
