{"/home/runner/work/map-tryouts/map-tryouts/src/components/map/features/DrawingFeature.tsx": {"path":"/home/runner/work/map-tryouts/map-tryouts/src/components/map/features/DrawingFeature.tsx","statementMap":{"0":{"start":{"line":8,"column":0},"end":{"line":8,"column":16}},"1":{"start":{"line":10,"column":2},"end":{"line":10,"column":14}}},"fnMap":{"0":{"name":"DrawingFeature","decl":{"start":{"line":8,"column":16},"end":{"line":8,"column":30}},"loc":{"start":{"line":8,"column":64},"end":{"line":11,"column":1}}}},"branchMap":{},"s":{"0":0,"1":0},"f":{"0":0},"b":{}}
,"/home/runner/work/map-tryouts/map-tryouts/src/components/map/features/FullscreenFeature.tsx": {"path":"/home/runner/work/map-tryouts/map-tryouts/src/components/map/features/FullscreenFeature.tsx","statementMap":{"0":{"start":{"line":5,"column":0},"end":{"line":5,"column":16}},"1":{"start":{"line":6,"column":2},"end":{"line":6,"column":14}}},"fnMap":{"0":{"name":"FullscreenFeature","decl":{"start":{"line":5,"column":16},"end":{"line":5,"column":33}},"loc":{"start":{"line":5,"column":70},"end":{"line":7,"column":1}}}},"branchMap":{},"s":{"0":0,"1":0},"f":{"0":0},"b":{}}
,"/home/runner/work/map-tryouts/map-tryouts/src/components/map/features/MeasurementFeature.tsx": {"path":"/home/runner/work/map-tryouts/map-tryouts/src/components/map/features/MeasurementFeature.tsx","statementMap":{"0":{"start":{"line":8,"column":0},"end":{"line":8,"column":16}},"1":{"start":{"line":9,"column":2},"end":{"line":9,"column":14}}},"fnMap":{"0":{"name":"MeasurementFeature","decl":{"start":{"line":8,"column":16},"end":{"line":8,"column":34}},"loc":{"start":{"line":8,"column":72},"end":{"line":10,"column":1}}}},"branchMap":{},"s":{"0":0,"1":0},"f":{"0":0},"b":{}}
,"/home/runner/work/map-tryouts/map-tryouts/src/components/map/utils/configAdapter.ts": {"path":"/home/runner/work/map-tryouts/map-tryouts/src/components/map/utils/configAdapter.ts","statementMap":{"0":{"start":{"line":42,"column":0},"end":{"line":42,"column":16}},"1":{"start":{"line":43,"column":2},"end":{"line":61,"column":4}}},"fnMap":{"0":{"name":"adaptMapConfig","decl":{"start":{"line":42,"column":16},"end":{"line":42,"column":30}},"loc":{"start":{"line":42,"column":62},"end":{"line":62,"column":1}}}},"branchMap":{},"s":{"0":0,"1":0},"f":{"0":0},"b":{}}
,"/home/runner/work/map-tryouts/map-tryouts/src/contexts/store/actions.ts": {"path":"/home/runner/work/map-tryouts/map-tryouts/src/contexts/store/actions.ts","statementMap":{"0":{"start":{"line":7,"column":0},"end":{"line":7,"column":45}},"1":{"start":{"line":8,"column":0},"end":{"line":8,"column":69}},"2":{"start":{"line":9,"column":0},"end":{"line":9,"column":null}},"3":{"start":{"line":24,"column":24},"end":{"line":61,"column":2}},"4":{"start":{"line":26,"column":4},"end":{"line":26,"column":33}},"5":{"start":{"line":28,"column":17},"end":{"line":28,"column":61}},"6":{"start":{"line":29,"column":4},"end":{"line":31,"column":5}},"7":{"start":{"line":30,"column":6},"end":{"line":30,"column":54}},"8":{"start":{"line":33,"column":4},"end":{"line":33,"column":43}},"9":{"start":{"line":37,"column":4},"end":{"line":37,"column":32}},"10":{"start":{"line":38,"column":4},"end":{"line":38,"column":26}},"11":{"start":{"line":42,"column":4},"end":{"line":42,"column":32}},"12":{"start":{"line":44,"column":18},"end":{"line":44,"column":36}},"13":{"start":{"line":45,"column":4},"end":{"line":47,"column":5}},"14":{"start":{"line":46,"column":6},"end":{"line":46,"column":40}},"15":{"start":{"line":49,"column":4},"end":{"line":57,"column":5}},"16":{"start":{"line":50,"column":21},"end":{"line":50,"column":50}},"17":{"start":{"line":51,"column":6},"end":{"line":56,"column":7}},"18":{"start":{"line":52,"column":21},"end":{"line":52,"column":78}},"19":{"start":{"line":53,"column":8},"end":{"line":55,"column":9}},"20":{"start":{"line":54,"column":10},"end":{"line":54,"column":33}},"21":{"start":{"line":59,"column":4},"end":{"line":59,"column":37}},"22":{"start":{"line":64,"column":13},"end":{"line":110,"column":2}},"23":{"start":{"line":66,"column":4},"end":{"line":79,"column":6}},"24":{"start":{"line":70,"column":8},"end":{"line":70,"column":49}},"25":{"start":{"line":72,"column":8},"end":{"line":75,"column":10}},"26":{"start":{"line":77,"column":26},"end":{"line":77,"column":72}},"27":{"start":{"line":78,"column":12},"end":{"line":78,"column":50}},"28":{"start":{"line":83,"column":4},"end":{"line":88,"column":6}},"29":{"start":{"line":85,"column":13},"end":{"line":85,"column":44}},"30":{"start":{"line":86,"column":26},"end":{"line":86,"column":73}},"31":{"start":{"line":87,"column":12},"end":{"line":87,"column":36}},"32":{"start":{"line":92,"column":4},"end":{"line":103,"column":6}},"33":{"start":{"line":94,"column":23},"end":{"line":97,"column":8}},"34":{"start":{"line":98,"column":26},"end":{"line":98,"column":80}},"35":{"start":{"line":99,"column":17},"end":{"line":102,"column":null}},"36":{"start":{"line":100,"column":23},"end":{"line":100,"column":59}},"37":{"start":{"line":101,"column":8},"end":{"line":101,"column":27}},"38":{"start":{"line":106,"column":46},"end":{"line":106,"column":98}},"39":{"start":{"line":107,"column":29},"end":{"line":107,"column":87}},"40":{"start":{"line":108,"column":26},"end":{"line":108,"column":60}},"41":{"start":{"line":109,"column":21},"end":{"line":109,"column":49}},"42":{"start":{"line":113,"column":13},"end":{"line":182,"column":2}},"43":{"start":{"line":115,"column":4},"end":{"line":126,"column":6}},"44":{"start":{"line":117,"column":17},"end":{"line":123,"column":null}},"45":{"start":{"line":118,"column":25},"end":{"line":118,"column":55}},"46":{"start":{"line":119,"column":8},"end":{"line":121,"column":9}},"47":{"start":{"line":120,"column":10},"end":{"line":120,"column":31}},"48":{"start":{"line":122,"column":8},"end":{"line":122,"column":51}},"49":{"start":{"line":124,"column":27},"end":{"line":124,"column":74}},"50":{"start":{"line":130,"column":4},"end":{"line":141,"column":6}},"51":{"start":{"line":132,"column":17},"end":{"line":138,"column":null}},"52":{"start":{"line":133,"column":25},"end":{"line":133,"column":58}},"53":{"start":{"line":134,"column":8},"end":{"line":136,"column":9}},"54":{"start":{"line":135,"column":10},"end":{"line":135,"column":31}},"55":{"start":{"line":137,"column":8},"end":{"line":137,"column":55}},"56":{"start":{"line":139,"column":30},"end":{"line":139,"column":81}},"57":{"start":{"line":145,"column":4},"end":{"line":150,"column":6}},"58":{"start":{"line":147,"column":12},"end":{"line":147,"column":53}},"59":{"start":{"line":148,"column":38},"end":{"line":148,"column":98}},"60":{"start":{"line":154,"column":4},"end":{"line":170,"column":6}},"61":{"start":{"line":154,"column":30},"end":{"line":170,"column":6}},"62":{"start":{"line":155,"column":6},"end":{"line":155,"column":55}},"63":{"start":{"line":157,"column":6},"end":{"line":169,"column":7}},"64":{"start":{"line":158,"column":31},"end":{"line":158,"column":69}},"65":{"start":{"line":159,"column":34},"end":{"line":159,"column":75}},"66":{"start":{"line":160,"column":34},"end":{"line":160,"column":75}},"67":{"start":{"line":162,"column":8},"end":{"line":166,"column":11}},"68":{"start":{"line":163,"column":42},"end":{"line":163,"column":57}},"69":{"start":{"line":164,"column":45},"end":{"line":164,"column":60}},"70":{"start":{"line":165,"column":45},"end":{"line":165,"column":60}},"71":{"start":{"line":168,"column":8},"end":{"line":168,"column":55}},"72":{"start":{"line":173,"column":96},"end":{"line":176,"column":4}},"73":{"start":{"line":178,"column":38},"end":{"line":181,"column":4}},"74":{"start":{"line":185,"column":13},"end":{"line":219,"column":2}},"75":{"start":{"line":186,"column":61},"end":{"line":189,"column":4}},"76":{"start":{"line":191,"column":61},"end":{"line":194,"column":4}},"77":{"start":{"line":196,"column":63},"end":{"line":199,"column":4}},"78":{"start":{"line":201,"column":64},"end":{"line":204,"column":4}},"79":{"start":{"line":206,"column":44},"end":{"line":209,"column":4}},"80":{"start":{"line":211,"column":33},"end":{"line":213,"column":4}},"81":{"start":{"line":215,"column":48},"end":{"line":218,"column":4}},"82":{"start":{"line":222,"column":13},"end":{"line":276,"column":2}},"83":{"start":{"line":223,"column":48},"end":{"line":226,"column":4}},"84":{"start":{"line":228,"column":44},"end":{"line":231,"column":4}},"85":{"start":{"line":233,"column":47},"end":{"line":236,"column":4}},"86":{"start":{"line":238,"column":41},"end":{"line":241,"column":4}},"87":{"start":{"line":243,"column":45},"end":{"line":246,"column":4}},"88":{"start":{"line":248,"column":43},"end":{"line":251,"column":4}},"89":{"start":{"line":253,"column":63},"end":{"line":256,"column":4}},"90":{"start":{"line":258,"column":43},"end":{"line":261,"column":4}},"91":{"start":{"line":263,"column":126},"end":{"line":266,"column":4}},"92":{"start":{"line":268,"column":39},"end":{"line":271,"column":4}},"93":{"start":{"line":273,"column":29},"end":{"line":275,"column":4}},"94":{"start":{"line":279,"column":13},"end":{"line":294,"column":2}},"95":{"start":{"line":280,"column":51},"end":{"line":283,"column":4}},"96":{"start":{"line":285,"column":58},"end":{"line":288,"column":4}},"97":{"start":{"line":290,"column":56},"end":{"line":293,"column":4}},"98":{"start":{"line":297,"column":13},"end":{"line":342,"column":2}},"99":{"start":{"line":298,"column":38},"end":{"line":301,"column":4}},"100":{"start":{"line":303,"column":60},"end":{"line":306,"column":4}},"101":{"start":{"line":308,"column":42},"end":{"line":311,"column":4}},"102":{"start":{"line":313,"column":49},"end":{"line":316,"column":4}},"103":{"start":{"line":318,"column":40},"end":{"line":321,"column":4}},"104":{"start":{"line":323,"column":54},"end":{"line":326,"column":4}},"105":{"start":{"line":328,"column":59},"end":{"line":331,"column":4}},"106":{"start":{"line":333,"column":39},"end":{"line":336,"column":4}},"107":{"start":{"line":338,"column":53},"end":{"line":341,"column":4}},"108":{"start":{"line":345,"column":13},"end":{"line":352,"column":2}}},"fnMap":{"0":{"name":"(anonymous_7)","decl":{"start":{"line":25,"column":8},"end":{"line":25,"column":13}},"loc":{"start":{"line":25,"column":45},"end":{"line":34,"column":null}}},"1":{"name":"(anonymous_9)","decl":{"start":{"line":36,"column":8},"end":{"line":36,"column":14}},"loc":{"start":{"line":36,"column":14},"end":{"line":39,"column":null}}},"2":{"name":"(anonymous_11)","decl":{"start":{"line":41,"column":8},"end":{"line":41,"column":20}},"loc":{"start":{"line":41,"column":20},"end":{"line":60,"column":null}}},"3":{"name":"(anonymous_13)","decl":{"start":{"line":65,"column":9},"end":{"line":65,"column":10}},"loc":{"start":{"line":65,"column":116},"end":{"line":80,"column":3}}},"4":{"name":"(anonymous_14)","decl":{"start":{"line":68,"column":6},"end":{"line":68,"column":7}},"loc":{"start":{"line":68,"column":46},"end":{"line":76,"column":7}}},"5":{"name":"(anonymous_15)","decl":{"start":{"line":77,"column":6},"end":{"line":77,"column":7}},"loc":{"start":{"line":77,"column":26},"end":{"line":77,"column":72}}},"6":{"name":"(anonymous_16)","decl":{"start":{"line":78,"column":6},"end":{"line":78,"column":9}},"loc":{"start":{"line":78,"column":12},"end":{"line":78,"column":50}}},"7":{"name":"(anonymous_17)","decl":{"start":{"line":82,"column":10},"end":{"line":82,"column":39}},"loc":{"start":{"line":82,"column":41},"end":{"line":89,"column":3}}},"8":{"name":"(anonymous_18)","decl":{"start":{"line":85,"column":6},"end":{"line":85,"column":9}},"loc":{"start":{"line":85,"column":13},"end":{"line":85,"column":44}}},"9":{"name":"(anonymous_19)","decl":{"start":{"line":86,"column":6},"end":{"line":86,"column":7}},"loc":{"start":{"line":86,"column":26},"end":{"line":86,"column":73}}},"10":{"name":"(anonymous_20)","decl":{"start":{"line":87,"column":6},"end":{"line":87,"column":9}},"loc":{"start":{"line":87,"column":12},"end":{"line":87,"column":36}}},"11":{"name":"(anonymous_21)","decl":{"start":{"line":91,"column":16},"end":{"line":91,"column":45}},"loc":{"start":{"line":91,"column":47},"end":{"line":104,"column":3}}},"12":{"name":"(anonymous_22)","decl":{"start":{"line":94,"column":6},"end":{"line":94,"column":7}},"loc":{"start":{"line":94,"column":23},"end":{"line":97,"column":8}}},"13":{"name":"(anonymous_23)","decl":{"start":{"line":98,"column":6},"end":{"line":98,"column":7}},"loc":{"start":{"line":98,"column":26},"end":{"line":98,"column":80}}},"14":{"name":"(anonymous_24)","decl":{"start":{"line":99,"column":6},"end":{"line":99,"column":15}},"loc":{"start":{"line":99,"column":17},"end":{"line":102,"column":null}}},"15":{"name":"(anonymous_25)","decl":{"start":{"line":99,"column":17},"end":{"line":99,"column":null}},"loc":{"start":{"line":99,"column":17},"end":{"line":102,"column":7}}},"16":{"name":"(anonymous_26)","decl":{"start":{"line":106,"column":20},"end":{"line":106,"column":21}},"loc":{"start":{"line":106,"column":46},"end":{"line":106,"column":98}}},"17":{"name":"(anonymous_27)","decl":{"start":{"line":107,"column":22},"end":{"line":107,"column":25}},"loc":{"start":{"line":107,"column":29},"end":{"line":107,"column":87}}},"18":{"name":"(anonymous_28)","decl":{"start":{"line":108,"column":19},"end":{"line":108,"column":22}},"loc":{"start":{"line":108,"column":26},"end":{"line":108,"column":60}}},"19":{"name":"(anonymous_29)","decl":{"start":{"line":109,"column":14},"end":{"line":109,"column":17}},"loc":{"start":{"line":109,"column":21},"end":{"line":109,"column":49}}},"20":{"name":"(anonymous_30)","decl":{"start":{"line":114,"column":18},"end":{"line":114,"column":51}},"loc":{"start":{"line":114,"column":53},"end":{"line":127,"column":3}}},"21":{"name":"(anonymous_31)","decl":{"start":{"line":117,"column":6},"end":{"line":117,"column":15}},"loc":{"start":{"line":117,"column":17},"end":{"line":123,"column":null}}},"22":{"name":"(anonymous_32)","decl":{"start":{"line":117,"column":17},"end":{"line":117,"column":null}},"loc":{"start":{"line":117,"column":17},"end":{"line":123,"column":7}}},"23":{"name":"(anonymous_33)","decl":{"start":{"line":124,"column":6},"end":{"line":124,"column":7}},"loc":{"start":{"line":124,"column":27},"end":{"line":124,"column":74}}},"24":{"name":"(anonymous_34)","decl":{"start":{"line":129,"column":21},"end":{"line":129,"column":57}},"loc":{"start":{"line":129,"column":59},"end":{"line":142,"column":3}}},"25":{"name":"(anonymous_35)","decl":{"start":{"line":132,"column":6},"end":{"line":132,"column":15}},"loc":{"start":{"line":132,"column":17},"end":{"line":138,"column":null}}},"26":{"name":"(anonymous_36)","decl":{"start":{"line":132,"column":17},"end":{"line":132,"column":null}},"loc":{"start":{"line":132,"column":17},"end":{"line":138,"column":7}}},"27":{"name":"(anonymous_37)","decl":{"start":{"line":139,"column":6},"end":{"line":139,"column":7}},"loc":{"start":{"line":139,"column":30},"end":{"line":139,"column":81}}},"28":{"name":"(anonymous_38)","decl":{"start":{"line":144,"column":21},"end":{"line":144,"column":65}},"loc":{"start":{"line":144,"column":67},"end":{"line":151,"column":3}}},"29":{"name":"(anonymous_39)","decl":{"start":{"line":147,"column":6},"end":{"line":147,"column":9}},"loc":{"start":{"line":147,"column":12},"end":{"line":147,"column":53}}},"30":{"name":"(anonymous_40)","decl":{"start":{"line":148,"column":6},"end":{"line":148,"column":7}},"loc":{"start":{"line":148,"column":38},"end":{"line":148,"column":98}}},"31":{"name":"(anonymous_41)","decl":{"start":{"line":153,"column":20},"end":{"line":153,"column":49}},"loc":{"start":{"line":153,"column":51},"end":{"line":171,"column":3}}},"32":{"name":"(anonymous_42)","decl":{"start":{"line":154,"column":11},"end":{"line":154,"column":18}},"loc":{"start":{"line":154,"column":30},"end":{"line":170,"column":6}}},"33":{"name":"(anonymous_43)","decl":{"start":{"line":154,"column":30},"end":{"line":154,"column":null}},"loc":{"start":{"line":154,"column":30},"end":{"line":170,"column":5}}},"34":{"name":"(anonymous_44)","decl":{"start":{"line":163,"column":35},"end":{"line":163,"column":38}},"loc":{"start":{"line":163,"column":42},"end":{"line":163,"column":57}}},"35":{"name":"(anonymous_45)","decl":{"start":{"line":164,"column":38},"end":{"line":164,"column":41}},"loc":{"start":{"line":164,"column":45},"end":{"line":164,"column":60}}},"36":{"name":"(anonymous_46)","decl":{"start":{"line":165,"column":38},"end":{"line":165,"column":41}},"loc":{"start":{"line":165,"column":45},"end":{"line":165,"column":60}}},"37":{"name":"(anonymous_47)","decl":{"start":{"line":173,"column":22},"end":{"line":173,"column":23}},"loc":{"start":{"line":173,"column":96},"end":{"line":176,"column":4}}},"38":{"name":"(anonymous_48)","decl":{"start":{"line":178,"column":14},"end":{"line":178,"column":15}},"loc":{"start":{"line":178,"column":38},"end":{"line":181,"column":4}}},"39":{"name":"(anonymous_49)","decl":{"start":{"line":186,"column":18},"end":{"line":186,"column":19}},"loc":{"start":{"line":186,"column":61},"end":{"line":189,"column":4}}},"40":{"name":"(anonymous_50)","decl":{"start":{"line":191,"column":19},"end":{"line":191,"column":20}},"loc":{"start":{"line":191,"column":61},"end":{"line":194,"column":4}}},"41":{"name":"(anonymous_51)","decl":{"start":{"line":196,"column":17},"end":{"line":196,"column":18}},"loc":{"start":{"line":196,"column":63},"end":{"line":199,"column":4}}},"42":{"name":"(anonymous_52)","decl":{"start":{"line":201,"column":22},"end":{"line":201,"column":23}},"loc":{"start":{"line":201,"column":64},"end":{"line":204,"column":4}}},"43":{"name":"(anonymous_53)","decl":{"start":{"line":206,"column":20},"end":{"line":206,"column":21}},"loc":{"start":{"line":206,"column":44},"end":{"line":209,"column":4}}},"44":{"name":"(anonymous_54)","decl":{"start":{"line":211,"column":26},"end":{"line":211,"column":29}},"loc":{"start":{"line":211,"column":33},"end":{"line":213,"column":4}}},"45":{"name":"(anonymous_55)","decl":{"start":{"line":215,"column":23},"end":{"line":215,"column":24}},"loc":{"start":{"line":215,"column":48},"end":{"line":218,"column":4}}},"46":{"name":"(anonymous_56)","decl":{"start":{"line":223,"column":23},"end":{"line":223,"column":24}},"loc":{"start":{"line":223,"column":48},"end":{"line":226,"column":4}}},"47":{"name":"(anonymous_57)","decl":{"start":{"line":228,"column":21},"end":{"line":228,"column":22}},"loc":{"start":{"line":228,"column":44},"end":{"line":231,"column":4}}},"48":{"name":"(anonymous_58)","decl":{"start":{"line":233,"column":24},"end":{"line":233,"column":25}},"loc":{"start":{"line":233,"column":47},"end":{"line":236,"column":4}}},"49":{"name":"(anonymous_59)","decl":{"start":{"line":238,"column":18},"end":{"line":238,"column":19}},"loc":{"start":{"line":238,"column":41},"end":{"line":241,"column":4}}},"50":{"name":"(anonymous_60)","decl":{"start":{"line":243,"column":22},"end":{"line":243,"column":23}},"loc":{"start":{"line":243,"column":45},"end":{"line":246,"column":4}}},"51":{"name":"(anonymous_61)","decl":{"start":{"line":248,"column":20},"end":{"line":248,"column":21}},"loc":{"start":{"line":248,"column":43},"end":{"line":251,"column":4}}},"52":{"name":"(anonymous_62)","decl":{"start":{"line":253,"column":23},"end":{"line":253,"column":24}},"loc":{"start":{"line":253,"column":63},"end":{"line":256,"column":4}}},"53":{"name":"(anonymous_63)","decl":{"start":{"line":258,"column":20},"end":{"line":258,"column":21}},"loc":{"start":{"line":258,"column":43},"end":{"line":261,"column":4}}},"54":{"name":"(anonymous_64)","decl":{"start":{"line":263,"column":19},"end":{"line":263,"column":20}},"loc":{"start":{"line":263,"column":126},"end":{"line":266,"column":4}}},"55":{"name":"(anonymous_65)","decl":{"start":{"line":268,"column":22},"end":{"line":268,"column":23}},"loc":{"start":{"line":268,"column":39},"end":{"line":271,"column":4}}},"56":{"name":"(anonymous_66)","decl":{"start":{"line":273,"column":22},"end":{"line":273,"column":25}},"loc":{"start":{"line":273,"column":29},"end":{"line":275,"column":4}}},"57":{"name":"(anonymous_67)","decl":{"start":{"line":280,"column":11},"end":{"line":280,"column":12}},"loc":{"start":{"line":280,"column":51},"end":{"line":283,"column":4}}},"58":{"name":"(anonymous_68)","decl":{"start":{"line":285,"column":23},"end":{"line":285,"column":24}},"loc":{"start":{"line":285,"column":58},"end":{"line":288,"column":4}}},"59":{"name":"(anonymous_69)","decl":{"start":{"line":290,"column":19},"end":{"line":290,"column":20}},"loc":{"start":{"line":290,"column":56},"end":{"line":293,"column":4}}},"60":{"name":"(anonymous_70)","decl":{"start":{"line":298,"column":15},"end":{"line":298,"column":16}},"loc":{"start":{"line":298,"column":38},"end":{"line":301,"column":4}}},"61":{"name":"(anonymous_71)","decl":{"start":{"line":303,"column":18},"end":{"line":303,"column":19}},"loc":{"start":{"line":303,"column":60},"end":{"line":306,"column":4}}},"62":{"name":"(anonymous_72)","decl":{"start":{"line":308,"column":19},"end":{"line":308,"column":20}},"loc":{"start":{"line":308,"column":42},"end":{"line":311,"column":4}}},"63":{"name":"(anonymous_73)","decl":{"start":{"line":313,"column":26},"end":{"line":313,"column":27}},"loc":{"start":{"line":313,"column":49},"end":{"line":316,"column":4}}},"64":{"name":"(anonymous_74)","decl":{"start":{"line":318,"column":21},"end":{"line":318,"column":22}},"loc":{"start":{"line":318,"column":40},"end":{"line":321,"column":4}}},"65":{"name":"(anonymous_75)","decl":{"start":{"line":323,"column":23},"end":{"line":323,"column":24}},"loc":{"start":{"line":323,"column":54},"end":{"line":326,"column":4}}},"66":{"name":"(anonymous_76)","decl":{"start":{"line":328,"column":22},"end":{"line":328,"column":23}},"loc":{"start":{"line":328,"column":59},"end":{"line":331,"column":4}}},"67":{"name":"(anonymous_77)","decl":{"start":{"line":333,"column":19},"end":{"line":333,"column":20}},"loc":{"start":{"line":333,"column":39},"end":{"line":336,"column":4}}},"68":{"name":"(anonymous_78)","decl":{"start":{"line":338,"column":16},"end":{"line":338,"column":17}},"loc":{"start":{"line":338,"column":53},"end":{"line":341,"column":4}}}},"branchMap":{"0":{"loc":{"start":{"line":29,"column":4},"end":{"line":31,"column":5}},"type":"if","locations":[{"start":{"line":29,"column":4},"end":{"line":31,"column":5}}]},"1":{"loc":{"start":{"line":29,"column":8},"end":{"line":29,"column":39}},"type":"binary-expr","locations":[{"start":{"line":29,"column":8},"end":{"line":29,"column":12}},{"start":{"line":29,"column":16},"end":{"line":29,"column":39}}]},"2":{"loc":{"start":{"line":45,"column":4},"end":{"line":47,"column":5}},"type":"if","locations":[{"start":{"line":45,"column":4},"end":{"line":47,"column":5}}]},"3":{"loc":{"start":{"line":49,"column":4},"end":{"line":57,"column":5}},"type":"if","locations":[{"start":{"line":49,"column":4},"end":{"line":57,"column":5}}]},"4":{"loc":{"start":{"line":51,"column":6},"end":{"line":56,"column":7}},"type":"if","locations":[{"start":{"line":51,"column":6},"end":{"line":56,"column":7}}]},"5":{"loc":{"start":{"line":53,"column":8},"end":{"line":55,"column":9}},"type":"if","locations":[{"start":{"line":53,"column":8},"end":{"line":55,"column":9}}]},"6":{"loc":{"start":{"line":65,"column":43},"end":{"line":65,"column":61}},"type":"default-arg","locations":[{"start":{"line":65,"column":56},"end":{"line":65,"column":61}}]},"7":{"loc":{"start":{"line":119,"column":8},"end":{"line":121,"column":9}},"type":"if","locations":[{"start":{"line":119,"column":8},"end":{"line":121,"column":9}}]},"8":{"loc":{"start":{"line":119,"column":12},"end":{"line":119,"column":45}},"type":"binary-expr","locations":[{"start":{"line":119,"column":12},"end":{"line":119,"column":28}},{"start":{"line":119,"column":32},"end":{"line":119,"column":45}}]},"9":{"loc":{"start":{"line":134,"column":8},"end":{"line":136,"column":9}},"type":"if","locations":[{"start":{"line":134,"column":8},"end":{"line":136,"column":9}}]},"10":{"loc":{"start":{"line":134,"column":12},"end":{"line":134,"column":45}},"type":"binary-expr","locations":[{"start":{"line":134,"column":12},"end":{"line":134,"column":28}},{"start":{"line":134,"column":32},"end":{"line":134,"column":45}}]}},"s":{"0":0,"1":0,"2":0,"3":0,"4":0,"5":0,"6":0,"7":0,"8":0,"9":0,"10":0,"11":0,"12":0,"13":0,"14":0,"15":0,"16":0,"17":0,"18":0,"19":0,"20":0,"21":0,"22":0,"23":0,"24":0,"25":0,"26":0,"27":0,"28":0,"29":0,"30":0,"31":0,"32":0,"33":0,"34":0,"35":0,"36":0,"37":0,"38":0,"39":0,"40":0,"41":0,"42":0,"43":0,"44":0,"45":0,"46":0,"47":0,"48":0,"49":0,"50":0,"51":0,"52":0,"53":0,"54":0,"55":0,"56":0,"57":0,"58":0,"59":0,"60":0,"61":0,"62":0,"63":0,"64":0,"65":0,"66":0,"67":0,"68":0,"69":0,"70":0,"71":0,"72":0,"73":0,"74":0,"75":0,"76":0,"77":0,"78":0,"79":0,"80":0,"81":0,"82":0,"83":0,"84":0,"85":0,"86":0,"87":0,"88":0,"89":0,"90":0,"91":0,"92":0,"93":0,"94":0,"95":0,"96":0,"97":0,"98":0,"99":0,"100":0,"101":0,"102":0,"103":0,"104":0,"105":0,"106":0,"107":0,"108":0},"f":{"0":0,"1":0,"2":0,"3":0,"4":0,"5":0,"6":0,"7":0,"8":0,"9":0,"10":0,"11":0,"12":0,"13":0,"14":0,"15":0,"16":0,"17":0,"18":0,"19":0,"20":0,"21":0,"22":0,"23":0,"24":0,"25":0,"26":0,"27":0,"28":0,"29":0,"30":0,"31":0,"32":0,"33":0,"34":0,"35":0,"36":0,"37":0,"38":0,"39":0,"40":0,"41":0,"42":0,"43":0,"44":0,"45":0,"46":0,"47":0,"48":0,"49":0,"50":0,"51":0,"52":0,"53":0,"54":0,"55":0,"56":0,"57":0,"58":0,"59":0,"60":0,"61":0,"62":0,"63":0,"64":0,"65":0,"66":0,"67":0,"68":0},"b":{"0":[0],"1":[0,0],"2":[0],"3":[0],"4":[0],"5":[0],"6":[0],"7":[0],"8":[0,0],"9":[0],"10":[0,0]}}
,"/home/runner/work/map-tryouts/map-tryouts/src/contexts/store/context.tsx": {"path":"/home/runner/work/map-tryouts/map-tryouts/src/contexts/store/context.tsx","statementMap":{"0":{"start":{"line":1,"column":0},"end":{"line":1,"column":38}},"1":{"start":{"line":17,"column":13},"end":{"line":17,"column":90}}},"fnMap":{},"branchMap":{},"s":{"0":0,"1":0},"f":{},"b":{}}
,"/home/runner/work/map-tryouts/map-tryouts/src/contexts/store/reducer.ts": {"path":"/home/runner/work/map-tryouts/map-tryouts/src/contexts/store/reducer.ts","statementMap":{"0":{"start":{"line":503,"column":0},"end":{"line":503,"column":16}},"1":{"start":{"line":17,"column":0},"end":{"line":17,"column":null}},"2":{"start":{"line":27,"column":36},"end":{"line":36,"column":2}},"3":{"start":{"line":38,"column":42},"end":{"line":65,"column":2}},"4":{"start":{"line":67,"column":52},"end":{"line":70,"column":2}},"5":{"start":{"line":72,"column":32},"end":{"line":82,"column":2}},"6":{"start":{"line":84,"column":38},"end":{"line":88,"column":2}},"7":{"start":{"line":90,"column":42},"end":{"line":99,"column":2}},"8":{"start":{"line":102,"column":13},"end":{"line":109,"column":2}},"9":{"start":{"line":113,"column":2},"end":{"line":187,"column":3}},"10":{"start":{"line":115,"column":6},"end":{"line":115,"column":51}},"11":{"start":{"line":118,"column":6},"end":{"line":123,"column":null}},"12":{"start":{"line":127,"column":6},"end":{"line":131,"column":null}},"13":{"start":{"line":135,"column":6},"end":{"line":135,"column":51}},"14":{"start":{"line":138,"column":6},"end":{"line":140,"column":null}},"15":{"start":{"line":144,"column":6},"end":{"line":144,"column":59}},"16":{"start":{"line":147,"column":6},"end":{"line":147,"column":51}},"17":{"start":{"line":150,"column":6},"end":{"line":154,"column":null}},"18":{"start":{"line":158,"column":6},"end":{"line":161,"column":null}},"19":{"start":{"line":165,"column":6},"end":{"line":167,"column":null}},"20":{"start":{"line":171,"column":6},"end":{"line":173,"column":null}},"21":{"start":{"line":177,"column":6},"end":{"line":179,"column":null}},"22":{"start":{"line":183,"column":6},"end":{"line":183,"column":49}},"23":{"start":{"line":186,"column":6},"end":{"line":186,"column":19}},"24":{"start":{"line":190,"column":2},"end":{"line":232,"column":3}},"25":{"start":{"line":192,"column":6},"end":{"line":192,"column":85}},"26":{"start":{"line":195,"column":6},"end":{"line":195,"column":81}},"27":{"start":{"line":198,"column":6},"end":{"line":200,"column":null}},"28":{"start":{"line":204,"column":6},"end":{"line":206,"column":null}},"29":{"start":{"line":210,"column":6},"end":{"line":212,"column":null}},"30":{"start":{"line":216,"column":6},"end":{"line":216,"column":88}},"31":{"start":{"line":219,"column":6},"end":{"line":221,"column":null}},"32":{"start":{"line":225,"column":6},"end":{"line":225,"column":56}},"33":{"start":{"line":228,"column":6},"end":{"line":228,"column":57}},"34":{"start":{"line":231,"column":6},"end":{"line":231,"column":19}},"35":{"start":{"line":237,"column":2},"end":{"line":327,"column":3}},"36":{"start":{"line":239,"column":6},"end":{"line":249,"column":null}},"37":{"start":{"line":255,"column":6},"end":{"line":264,"column":null}},"38":{"start":{"line":270,"column":6},"end":{"line":279,"column":null}},"39":{"start":{"line":285,"column":6},"end":{"line":294,"column":null}},"40":{"start":{"line":300,"column":6},"end":{"line":309,"column":null}},"41":{"start":{"line":314,"column":6},"end":{"line":316,"column":null}},"42":{"start":{"line":320,"column":6},"end":{"line":322,"column":null}},"43":{"start":{"line":326,"column":6},"end":{"line":326,"column":19}},"44":{"start":{"line":332,"column":2},"end":{"line":411,"column":3}},"45":{"start":{"line":334,"column":6},"end":{"line":336,"column":null}},"46":{"start":{"line":340,"column":6},"end":{"line":342,"column":null}},"47":{"start":{"line":346,"column":6},"end":{"line":348,"column":null}},"48":{"start":{"line":352,"column":6},"end":{"line":356,"column":null}},"49":{"start":{"line":360,"column":6},"end":{"line":364,"column":null}},"50":{"start":{"line":368,"column":6},"end":{"line":372,"column":null}},"51":{"start":{"line":376,"column":6},"end":{"line":378,"column":null}},"52":{"start":{"line":382,"column":6},"end":{"line":384,"column":null}},"53":{"start":{"line":388,"column":6},"end":{"line":394,"column":null}},"54":{"start":{"line":398,"column":6},"end":{"line":400,"column":null}},"55":{"start":{"line":404,"column":6},"end":{"line":406,"column":null}},"56":{"start":{"line":410,"column":6},"end":{"line":410,"column":19}},"57":{"start":{"line":416,"column":2},"end":{"line":437,"column":3}},"58":{"start":{"line":418,"column":6},"end":{"line":420,"column":null}},"59":{"start":{"line":424,"column":6},"end":{"line":426,"column":null}},"60":{"start":{"line":430,"column":6},"end":{"line":432,"column":null}},"61":{"start":{"line":436,"column":6},"end":{"line":436,"column":19}},"62":{"start":{"line":442,"column":2},"end":{"line":499,"column":3}},"63":{"start":{"line":444,"column":6},"end":{"line":446,"column":null}},"64":{"start":{"line":450,"column":6},"end":{"line":452,"column":null}},"65":{"start":{"line":456,"column":6},"end":{"line":458,"column":null}},"66":{"start":{"line":462,"column":6},"end":{"line":464,"column":null}},"67":{"start":{"line":468,"column":6},"end":{"line":470,"column":null}},"68":{"start":{"line":474,"column":6},"end":{"line":476,"column":null}},"69":{"start":{"line":480,"column":6},"end":{"line":482,"column":null}},"70":{"start":{"line":486,"column":6},"end":{"line":488,"column":null}},"71":{"start":{"line":492,"column":6},"end":{"line":494,"column":null}},"72":{"start":{"line":498,"column":6},"end":{"line":498,"column":19}},"73":{"start":{"line":505,"column":2},"end":{"line":510,"column":3}},"74":{"start":{"line":506,"column":4},"end":{"line":508,"column":null}},"75":{"start":{"line":512,"column":2},"end":{"line":517,"column":3}},"76":{"start":{"line":513,"column":4},"end":{"line":515,"column":null}},"77":{"start":{"line":519,"column":2},"end":{"line":524,"column":3}},"78":{"start":{"line":520,"column":4},"end":{"line":522,"column":null}},"79":{"start":{"line":526,"column":2},"end":{"line":531,"column":3}},"80":{"start":{"line":527,"column":4},"end":{"line":529,"column":null}},"81":{"start":{"line":533,"column":2},"end":{"line":538,"column":3}},"82":{"start":{"line":534,"column":4},"end":{"line":536,"column":null}},"83":{"start":{"line":540,"column":2},"end":{"line":545,"column":3}},"84":{"start":{"line":541,"column":4},"end":{"line":543,"column":null}},"85":{"start":{"line":548,"column":2},"end":{"line":548,"column":54}},"86":{"start":{"line":549,"column":2},"end":{"line":549,"column":15}}},"fnMap":{"0":{"name":"authReducer","decl":{"start":{"line":112,"column":9},"end":{"line":112,"column":20}},"loc":{"start":{"line":112,"column":57},"end":{"line":188,"column":1}}},"1":{"name":"mapDataReducer","decl":{"start":{"line":189,"column":9},"end":{"line":189,"column":23}},"loc":{"start":{"line":189,"column":66},"end":{"line":233,"column":1}}},"2":{"name":"sensorLayersReducer","decl":{"start":{"line":236,"column":9},"end":{"line":236,"column":28}},"loc":{"start":{"line":236,"column":81},"end":{"line":328,"column":1}}},"3":{"name":"uiReducer","decl":{"start":{"line":331,"column":9},"end":{"line":331,"column":18}},"loc":{"start":{"line":331,"column":51},"end":{"line":412,"column":1}}},"4":{"name":"themeReducer","decl":{"start":{"line":415,"column":9},"end":{"line":415,"column":21}},"loc":{"start":{"line":415,"column":60},"end":{"line":438,"column":1}}},"5":{"name":"settingsReducer","decl":{"start":{"line":441,"column":9},"end":{"line":441,"column":24}},"loc":{"start":{"line":441,"column":67},"end":{"line":500,"column":1}}},"6":{"name":"appReducer","decl":{"start":{"line":503,"column":16},"end":{"line":503,"column":26}},"loc":{"start":{"line":503,"column":61},"end":{"line":550,"column":1}}}},"branchMap":{"0":{"loc":{"start":{"line":113,"column":2},"end":{"line":187,"column":3}},"type":"switch","locations":[{"start":{"line":114,"column":4},"end":{"line":115,"column":51}},{"start":{"line":117,"column":4},"end":{"line":123,"column":null}},{"start":{"line":126,"column":4},"end":{"line":131,"column":null}},{"start":{"line":134,"column":4},"end":{"line":135,"column":51}},{"start":{"line":137,"column":4},"end":{"line":140,"column":null}},{"start":{"line":143,"column":4},"end":{"line":144,"column":59}},{"start":{"line":146,"column":4},"end":{"line":147,"column":51}},{"start":{"line":149,"column":4},"end":{"line":154,"column":null}},{"start":{"line":157,"column":4},"end":{"line":161,"column":null}},{"start":{"line":164,"column":4},"end":{"line":167,"column":null}},{"start":{"line":170,"column":4},"end":{"line":173,"column":null}},{"start":{"line":176,"column":4},"end":{"line":179,"column":null}},{"start":{"line":182,"column":4},"end":{"line":183,"column":49}},{"start":{"line":185,"column":4},"end":{"line":186,"column":19}}]},"1":{"loc":{"start":{"line":190,"column":2},"end":{"line":232,"column":3}},"type":"switch","locations":[{"start":{"line":191,"column":4},"end":{"line":192,"column":85}},{"start":{"line":194,"column":4},"end":{"line":195,"column":81}},{"start":{"line":197,"column":4},"end":{"line":200,"column":null}},{"start":{"line":203,"column":4},"end":{"line":206,"column":null}},{"start":{"line":209,"column":4},"end":{"line":212,"column":null}},{"start":{"line":215,"column":4},"end":{"line":216,"column":88}},{"start":{"line":218,"column":4},"end":{"line":221,"column":null}},{"start":{"line":224,"column":4},"end":{"line":225,"column":56}},{"start":{"line":227,"column":4},"end":{"line":228,"column":57}},{"start":{"line":230,"column":4},"end":{"line":231,"column":19}}]},"2":{"loc":{"start":{"line":237,"column":2},"end":{"line":327,"column":3}},"type":"switch","locations":[{"start":{"line":238,"column":4},"end":{"line":249,"column":null}},{"start":{"line":254,"column":4},"end":{"line":264,"column":null}},{"start":{"line":269,"column":4},"end":{"line":279,"column":null}},{"start":{"line":284,"column":4},"end":{"line":294,"column":null}},{"start":{"line":299,"column":4},"end":{"line":309,"column":null}},{"start":{"line":313,"column":4},"end":{"line":316,"column":null}},{"start":{"line":319,"column":4},"end":{"line":322,"column":null}},{"start":{"line":325,"column":4},"end":{"line":326,"column":19}}]},"3":{"loc":{"start":{"line":249,"column":21},"end":{"line":249,"column":76}},"type":"cond-expr","locations":[{"start":{"line":249,"column":68},"end":{"line":249,"column":72}},{"start":{"line":249,"column":72},"end":{"line":249,"column":76}}]},"4":{"loc":{"start":{"line":249,"column":21},"end":{"line":249,"column":72}},"type":"binary-expr","locations":[{"start":{"line":249,"column":21},"end":{"line":249,"column":72}},{"start":{"line":249,"column":68},"end":{"line":249,"column":72}}]},"5":{"loc":{"start":{"line":249,"column":21},"end":{"line":249,"column":68}},"type":"cond-expr","locations":[{"start":{"line":249,"column":59},"end":{"line":249,"column":61}},{"start":{"line":249,"column":59},"end":{"line":249,"column":68}}]},"6":{"loc":{"start":{"line":249,"column":21},"end":{"line":249,"column":61}},"type":"binary-expr","locations":[{"start":{"line":249,"column":21},"end":{"line":249,"column":61}},{"start":{"line":249,"column":59},"end":{"line":249,"column":61}}]},"7":{"loc":{"start":{"line":261,"column":21},"end":{"line":261,"column":74}},"type":"binary-expr","locations":[{"start":{"line":261,"column":21},"end":{"line":261,"column":68}},{"start":{"line":261,"column":72},"end":{"line":261,"column":74}}]},"8":{"loc":{"start":{"line":261,"column":21},"end":{"line":261,"column":68}},"type":"cond-expr","locations":[{"start":{"line":261,"column":59},"end":{"line":261,"column":61}},{"start":{"line":261,"column":59},"end":{"line":261,"column":68}}]},"9":{"loc":{"start":{"line":261,"column":21},"end":{"line":261,"column":61}},"type":"binary-expr","locations":[{"start":{"line":261,"column":21},"end":{"line":261,"column":61}},{"start":{"line":261,"column":59},"end":{"line":261,"column":61}}]},"10":{"loc":{"start":{"line":264,"column":21},"end":{"line":264,"column":76}},"type":"cond-expr","locations":[{"start":{"line":264,"column":68},"end":{"line":264,"column":72}},{"start":{"line":264,"column":72},"end":{"line":264,"column":76}}]},"11":{"loc":{"start":{"line":264,"column":21},"end":{"line":264,"column":72}},"type":"binary-expr","locations":[{"start":{"line":264,"column":21},"end":{"line":264,"column":72}},{"start":{"line":264,"column":68},"end":{"line":264,"column":72}}]},"12":{"loc":{"start":{"line":264,"column":21},"end":{"line":264,"column":68}},"type":"cond-expr","locations":[{"start":{"line":264,"column":59},"end":{"line":264,"column":61}},{"start":{"line":264,"column":59},"end":{"line":264,"column":68}}]},"13":{"loc":{"start":{"line":264,"column":21},"end":{"line":264,"column":61}},"type":"binary-expr","locations":[{"start":{"line":264,"column":21},"end":{"line":264,"column":61}},{"start":{"line":264,"column":59},"end":{"line":264,"column":61}}]},"14":{"loc":{"start":{"line":276,"column":21},"end":{"line":276,"column":74}},"type":"binary-expr","locations":[{"start":{"line":276,"column":21},"end":{"line":276,"column":68}},{"start":{"line":276,"column":72},"end":{"line":276,"column":74}}]},"15":{"loc":{"start":{"line":276,"column":21},"end":{"line":276,"column":68}},"type":"cond-expr","locations":[{"start":{"line":276,"column":59},"end":{"line":276,"column":61}},{"start":{"line":276,"column":59},"end":{"line":276,"column":68}}]},"16":{"loc":{"start":{"line":276,"column":21},"end":{"line":276,"column":61}},"type":"binary-expr","locations":[{"start":{"line":276,"column":21},"end":{"line":276,"column":61}},{"start":{"line":276,"column":59},"end":{"line":276,"column":61}}]},"17":{"loc":{"start":{"line":279,"column":21},"end":{"line":279,"column":76}},"type":"cond-expr","locations":[{"start":{"line":279,"column":68},"end":{"line":279,"column":72}},{"start":{"line":279,"column":72},"end":{"line":279,"column":76}}]},"18":{"loc":{"start":{"line":279,"column":21},"end":{"line":279,"column":72}},"type":"binary-expr","locations":[{"start":{"line":279,"column":21},"end":{"line":279,"column":72}},{"start":{"line":279,"column":68},"end":{"line":279,"column":72}}]},"19":{"loc":{"start":{"line":279,"column":21},"end":{"line":279,"column":68}},"type":"cond-expr","locations":[{"start":{"line":279,"column":59},"end":{"line":279,"column":61}},{"start":{"line":279,"column":59},"end":{"line":279,"column":68}}]},"20":{"loc":{"start":{"line":279,"column":21},"end":{"line":279,"column":61}},"type":"binary-expr","locations":[{"start":{"line":279,"column":21},"end":{"line":279,"column":61}},{"start":{"line":279,"column":59},"end":{"line":279,"column":61}}]},"21":{"loc":{"start":{"line":291,"column":21},"end":{"line":291,"column":74}},"type":"binary-expr","locations":[{"start":{"line":291,"column":21},"end":{"line":291,"column":68}},{"start":{"line":291,"column":72},"end":{"line":291,"column":74}}]},"22":{"loc":{"start":{"line":291,"column":21},"end":{"line":291,"column":68}},"type":"cond-expr","locations":[{"start":{"line":291,"column":59},"end":{"line":291,"column":61}},{"start":{"line":291,"column":59},"end":{"line":291,"column":68}}]},"23":{"loc":{"start":{"line":291,"column":21},"end":{"line":291,"column":61}},"type":"binary-expr","locations":[{"start":{"line":291,"column":21},"end":{"line":291,"column":61}},{"start":{"line":291,"column":59},"end":{"line":291,"column":61}}]},"24":{"loc":{"start":{"line":292,"column":21},"end":{"line":292,"column":77}},"type":"cond-expr","locations":[{"start":{"line":292,"column":68},"end":{"line":292,"column":72}},{"start":{"line":292,"column":72},"end":{"line":292,"column":77}}]},"25":{"loc":{"start":{"line":292,"column":21},"end":{"line":292,"column":72}},"type":"binary-expr","locations":[{"start":{"line":292,"column":21},"end":{"line":292,"column":72}},{"start":{"line":292,"column":68},"end":{"line":292,"column":72}}]},"26":{"loc":{"start":{"line":292,"column":21},"end":{"line":292,"column":68}},"type":"cond-expr","locations":[{"start":{"line":292,"column":59},"end":{"line":292,"column":61}},{"start":{"line":292,"column":59},"end":{"line":292,"column":68}}]},"27":{"loc":{"start":{"line":292,"column":21},"end":{"line":292,"column":61}},"type":"binary-expr","locations":[{"start":{"line":292,"column":21},"end":{"line":292,"column":61}},{"start":{"line":292,"column":59},"end":{"line":292,"column":61}}]},"28":{"loc":{"start":{"line":293,"column":19},"end":{"line":293,"column":72}},"type":"cond-expr","locations":[{"start":{"line":293,"column":64},"end":{"line":293,"column":68}},{"start":{"line":293,"column":68},"end":{"line":293,"column":72}}]},"29":{"loc":{"start":{"line":293,"column":19},"end":{"line":293,"column":68}},"type":"binary-expr","locations":[{"start":{"line":293,"column":19},"end":{"line":293,"column":68}},{"start":{"line":293,"column":64},"end":{"line":293,"column":68}}]},"30":{"loc":{"start":{"line":293,"column":19},"end":{"line":293,"column":64}},"type":"cond-expr","locations":[{"start":{"line":293,"column":57},"end":{"line":293,"column":59}},{"start":{"line":293,"column":57},"end":{"line":293,"column":64}}]},"31":{"loc":{"start":{"line":293,"column":19},"end":{"line":293,"column":59}},"type":"binary-expr","locations":[{"start":{"line":293,"column":19},"end":{"line":293,"column":59}},{"start":{"line":293,"column":57},"end":{"line":293,"column":59}}]},"32":{"loc":{"start":{"line":308,"column":21},"end":{"line":308,"column":76}},"type":"cond-expr","locations":[{"start":{"line":308,"column":68},"end":{"line":308,"column":72}},{"start":{"line":308,"column":72},"end":{"line":308,"column":76}}]},"33":{"loc":{"start":{"line":308,"column":21},"end":{"line":308,"column":72}},"type":"binary-expr","locations":[{"start":{"line":308,"column":21},"end":{"line":308,"column":72}},{"start":{"line":308,"column":68},"end":{"line":308,"column":72}}]},"34":{"loc":{"start":{"line":308,"column":21},"end":{"line":308,"column":68}},"type":"cond-expr","locations":[{"start":{"line":308,"column":59},"end":{"line":308,"column":61}},{"start":{"line":308,"column":59},"end":{"line":308,"column":68}}]},"35":{"loc":{"start":{"line":308,"column":21},"end":{"line":308,"column":61}},"type":"binary-expr","locations":[{"start":{"line":308,"column":21},"end":{"line":308,"column":61}},{"start":{"line":308,"column":59},"end":{"line":308,"column":61}}]},"36":{"loc":{"start":{"line":332,"column":2},"end":{"line":411,"column":3}},"type":"switch","locations":[{"start":{"line":333,"column":4},"end":{"line":336,"column":null}},{"start":{"line":339,"column":4},"end":{"line":342,"column":null}},{"start":{"line":345,"column":4},"end":{"line":348,"column":null}},{"start":{"line":351,"column":4},"end":{"line":356,"column":null}},{"start":{"line":359,"column":4},"end":{"line":364,"column":null}},{"start":{"line":367,"column":4},"end":{"line":372,"column":null}},{"start":{"line":375,"column":4},"end":{"line":378,"column":null}},{"start":{"line":381,"column":4},"end":{"line":384,"column":null}},{"start":{"line":387,"column":4},"end":{"line":394,"column":null}},{"start":{"line":397,"column":4},"end":{"line":400,"column":null}},{"start":{"line":403,"column":4},"end":{"line":406,"column":null}},{"start":{"line":409,"column":4},"end":{"line":410,"column":19}}]},"37":{"loc":{"start":{"line":355,"column":25},"end":{"line":355,"column":71}},"type":"cond-expr","locations":[{"start":{"line":355,"column":42},"end":{"line":355,"column":47}},{"start":{"line":355,"column":50},"end":{"line":355,"column":71}}]},"38":{"loc":{"start":{"line":356,"column":23},"end":{"line":356,"column":67}},"type":"cond-expr","locations":[{"start":{"line":356,"column":40},"end":{"line":356,"column":45}},{"start":{"line":356,"column":48},"end":{"line":356,"column":67}}]},"39":{"loc":{"start":{"line":363,"column":21},"end":{"line":363,"column":63}},"type":"cond-expr","locations":[{"start":{"line":363,"column":38},"end":{"line":363,"column":43}},{"start":{"line":363,"column":46},"end":{"line":363,"column":63}}]},"40":{"loc":{"start":{"line":364,"column":23},"end":{"line":364,"column":67}},"type":"cond-expr","locations":[{"start":{"line":364,"column":40},"end":{"line":364,"column":45}},{"start":{"line":364,"column":48},"end":{"line":364,"column":67}}]},"41":{"loc":{"start":{"line":371,"column":21},"end":{"line":371,"column":63}},"type":"cond-expr","locations":[{"start":{"line":371,"column":38},"end":{"line":371,"column":43}},{"start":{"line":371,"column":46},"end":{"line":371,"column":63}}]},"42":{"loc":{"start":{"line":372,"column":25},"end":{"line":372,"column":71}},"type":"cond-expr","locations":[{"start":{"line":372,"column":42},"end":{"line":372,"column":47}},{"start":{"line":372,"column":50},"end":{"line":372,"column":71}}]},"43":{"loc":{"start":{"line":416,"column":2},"end":{"line":437,"column":3}},"type":"switch","locations":[{"start":{"line":417,"column":4},"end":{"line":420,"column":null}},{"start":{"line":423,"column":4},"end":{"line":426,"column":null}},{"start":{"line":429,"column":4},"end":{"line":432,"column":null}},{"start":{"line":435,"column":4},"end":{"line":436,"column":19}}]},"44":{"loc":{"start":{"line":442,"column":2},"end":{"line":499,"column":3}},"type":"switch","locations":[{"start":{"line":443,"column":4},"end":{"line":446,"column":null}},{"start":{"line":449,"column":4},"end":{"line":452,"column":null}},{"start":{"line":455,"column":4},"end":{"line":458,"column":null}},{"start":{"line":461,"column":4},"end":{"line":464,"column":null}},{"start":{"line":467,"column":4},"end":{"line":470,"column":null}},{"start":{"line":473,"column":4},"end":{"line":476,"column":null}},{"start":{"line":479,"column":4},"end":{"line":482,"column":null}},{"start":{"line":485,"column":4},"end":{"line":488,"column":null}},{"start":{"line":491,"column":4},"end":{"line":494,"column":null}},{"start":{"line":497,"column":4},"end":{"line":498,"column":19}}]},"45":{"loc":{"start":{"line":505,"column":2},"end":{"line":510,"column":3}},"type":"if","locations":[{"start":{"line":505,"column":2},"end":{"line":510,"column":3}}]},"46":{"loc":{"start":{"line":512,"column":2},"end":{"line":517,"column":3}},"type":"if","locations":[{"start":{"line":512,"column":2},"end":{"line":517,"column":3}}]},"47":{"loc":{"start":{"line":519,"column":2},"end":{"line":524,"column":3}},"type":"if","locations":[{"start":{"line":519,"column":2},"end":{"line":524,"column":3}}]},"48":{"loc":{"start":{"line":526,"column":2},"end":{"line":531,"column":3}},"type":"if","locations":[{"start":{"line":526,"column":2},"end":{"line":531,"column":3}}]},"49":{"loc":{"start":{"line":533,"column":2},"end":{"line":538,"column":3}},"type":"if","locations":[{"start":{"line":533,"column":2},"end":{"line":538,"column":3}}]},"50":{"loc":{"start":{"line":540,"column":2},"end":{"line":545,"column":3}},"type":"if","locations":[{"start":{"line":540,"column":2},"end":{"line":545,"column":3}}]}},"s":{"0":0,"1":0,"2":0,"3":0,"4":0,"5":0,"6":0,"7":0,"8":0,"9":0,"10":0,"11":0,"12":0,"13":0,"14":0,"15":0,"16":0,"17":0,"18":0,"19":0,"20":0,"21":0,"22":0,"23":0,"24":0,"25":0,"26":0,"27":0,"28":0,"29":0,"30":0,"31":0,"32":0,"33":0,"34":0,"35":0,"36":0,"37":0,"38":0,"39":0,"40":0,"41":0,"42":0,"43":0,"44":0,"45":0,"46":0,"47":0,"48":0,"49":0,"50":0,"51":0,"52":0,"53":0,"54":0,"55":0,"56":0,"57":0,"58":0,"59":0,"60":0,"61":0,"62":0,"63":0,"64":0,"65":0,"66":0,"67":0,"68":0,"69":0,"70":0,"71":0,"72":0,"73":0,"74":0,"75":0,"76":0,"77":0,"78":0,"79":0,"80":0,"81":0,"82":0,"83":0,"84":0,"85":0,"86":0},"f":{"0":0,"1":0,"2":0,"3":0,"4":0,"5":0,"6":0},"b":{"0":[0,0,0,0,0,0,0,0,0,0,0,0,0,0],"1":[0,0,0,0,0,0,0,0,0,0],"2":[0,0,0,0,0,0,0,0],"3":[0,0],"4":[0,0],"5":[0,0],"6":[0,0],"7":[0,0],"8":[0,0],"9":[0,0],"10":[0,0],"11":[0,0],"12":[0,0],"13":[0,0],"14":[0,0],"15":[0,0],"16":[0,0],"17":[0,0],"18":[0,0],"19":[0,0],"20":[0,0],"21":[0,0],"22":[0,0],"23":[0,0],"24":[0,0],"25":[0,0],"26":[0,0],"27":[0,0],"28":[0,0],"29":[0,0],"30":[0,0],"31":[0,0],"32":[0,0],"33":[0,0],"34":[0,0],"35":[0,0],"36":[0,0,0,0,0,0,0,0,0,0,0,0],"37":[0,0],"38":[0,0],"39":[0,0],"40":[0,0],"41":[0,0],"42":[0,0],"43":[0,0,0,0],"44":[0,0,0,0,0,0,0,0,0,0],"45":[0],"46":[0],"47":[0],"48":[0],"49":[0],"50":[0]}}
,"/home/runner/work/map-tryouts/map-tryouts/src/contexts/store/utils.ts": {"path":"/home/runner/work/map-tryouts/map-tryouts/src/contexts/store/utils.ts","statementMap":{"0":{"start":{"line":12,"column":13},"end":{"line":34,"column":11}},"1":{"start":{"line":36,"column":13},"end":{"line":40,"column":11}},"2":{"start":{"line":46,"column":33},"end":{"line":66,"column":1}},"3":{"start":{"line":52,"column":2},"end":{"line":65,"column":4}},"4":{"start":{"line":52,"column":28},"end":{"line":65,"column":4}},"5":{"start":{"line":53,"column":4},"end":{"line":53,"column":26}},"6":{"start":{"line":55,"column":4},"end":{"line":64,"column":5}},"7":{"start":{"line":56,"column":19},"end":{"line":56,"column":36}},"8":{"start":{"line":57,"column":6},"end":{"line":57,"column":36}},"9":{"start":{"line":58,"column":6},"end":{"line":58,"column":18}},"10":{"start":{"line":60,"column":27},"end":{"line":60,"column":92}},"11":{"start":{"line":61,"column":6},"end":{"line":61,"column":44}},"12":{"start":{"line":62,"column":6},"end":{"line":62,"column":51}},"13":{"start":{"line":63,"column":6},"end":{"line":63,"column":18}},"14":{"start":{"line":46,"column":13},"end":{"line":46,"column":33}},"15":{"start":{"line":72,"column":40},"end":{"line":97,"column":1}},"16":{"start":{"line":78,"column":2},"end":{"line":96,"column":4}},"17":{"start":{"line":78,"column":28},"end":{"line":96,"column":4}},"18":{"start":{"line":80,"column":4},"end":{"line":80,"column":82}},"19":{"start":{"line":81,"column":4},"end":{"line":81,"column":78}},"20":{"start":{"line":83,"column":4},"end":{"line":95,"column":5}},"21":{"start":{"line":84,"column":19},"end":{"line":84,"column":34}},"22":{"start":{"line":85,"column":6},"end":{"line":85,"column":36}},"23":{"start":{"line":86,"column":6},"end":{"line":86,"column":18}},"24":{"start":{"line":88,"column":27},"end":{"line":89,"column":77}},"25":{"start":{"line":90,"column":6},"end":{"line":90,"column":88}},"26":{"start":{"line":91,"column":6},"end":{"line":91,"column":54}},"27":{"start":{"line":92,"column":6},"end":{"line":92,"column":18}},"28":{"start":{"line":94,"column":6},"end":{"line":94,"column":85}},"29":{"start":{"line":72,"column":13},"end":{"line":72,"column":40}},"30":{"start":{"line":103,"column":34},"end":{"line":113,"column":2}},"31":{"start":{"line":107,"column":6},"end":{"line":113,"column":2}},"32":{"start":{"line":103,"column":13},"end":{"line":103,"column":34}},"33":{"start":{"line":119,"column":38},"end":{"line":121,"column":1}},"34":{"start":{"line":120,"column":2},"end":{"line":120,"column":81}},"35":{"start":{"line":119,"column":13},"end":{"line":119,"column":38}},"36":{"start":{"line":127,"column":32},"end":{"line":129,"column":1}},"37":{"start":{"line":128,"column":2},"end":{"line":128,"column":57}},"38":{"start":{"line":128,"column":32},"end":{"line":128,"column":55}},"39":{"start":{"line":127,"column":13},"end":{"line":127,"column":32}},"40":{"start":{"line":135,"column":28},"end":{"line":138,"column":1}},"41":{"start":{"line":136,"column":21},"end":{"line":136,"column":49}},"42":{"start":{"line":137,"column":2},"end":{"line":137,"column":32}},"43":{"start":{"line":135,"column":13},"end":{"line":135,"column":28}},"44":{"start":{"line":144,"column":32},"end":{"line":147,"column":1}},"45":{"start":{"line":145,"column":2},"end":{"line":146,"column":82}},"46":{"start":{"line":144,"column":13},"end":{"line":144,"column":32}},"47":{"start":{"line":153,"column":38},"end":{"line":158,"column":1}},"48":{"start":{"line":154,"column":2},"end":{"line":156,"column":3}},"49":{"start":{"line":155,"column":4},"end":{"line":155,"column":16}},"50":{"start":{"line":157,"column":2},"end":{"line":157,"column":42}},"51":{"start":{"line":153,"column":13},"end":{"line":153,"column":38}},"52":{"start":{"line":164,"column":13},"end":{"line":183,"column":2}},"53":{"start":{"line":166,"column":4},"end":{"line":172,"column":5}},"54":{"start":{"line":167,"column":6},"end":{"line":167,"column":47}},"55":{"start":{"line":168,"column":6},"end":{"line":168,"column":45}},"56":{"start":{"line":170,"column":6},"end":{"line":170,"column":49}},"57":{"start":{"line":171,"column":6},"end":{"line":171,"column":43}},"58":{"start":{"line":176,"column":4},"end":{"line":176,"column":84}},"59":{"start":{"line":180,"column":4},"end":{"line":180,"column":41}},"60":{"start":{"line":181,"column":4},"end":{"line":181,"column":43}},"61":{"start":{"line":191,"column":34},"end":{"line":199,"column":null}},"62":{"start":{"line":195,"column":8},"end":{"line":199,"column":null}},"63":{"start":{"line":191,"column":13},"end":{"line":191,"column":34}},"64":{"start":{"line":207,"column":32},"end":{"line":215,"column":null}},"65":{"start":{"line":211,"column":8},"end":{"line":215,"column":null}},"66":{"start":{"line":207,"column":13},"end":{"line":207,"column":32}},"67":{"start":{"line":223,"column":33},"end":{"line":231,"column":null}},"68":{"start":{"line":227,"column":8},"end":{"line":231,"column":null}},"69":{"start":{"line":223,"column":13},"end":{"line":223,"column":33}},"70":{"start":{"line":239,"column":37},"end":{"line":247,"column":null}},"71":{"start":{"line":243,"column":8},"end":{"line":247,"column":null}},"72":{"start":{"line":239,"column":13},"end":{"line":239,"column":37}},"73":{"start":{"line":254,"column":13},"end":{"line":289,"column":2}},"74":{"start":{"line":261,"column":10},"end":{"line":264,"column":null}},"75":{"start":{"line":273,"column":10},"end":{"line":276,"column":null}},"76":{"start":{"line":284,"column":10},"end":{"line":287,"column":null}},"77":{"start":{"line":294,"column":13},"end":{"line":325,"column":2}},"78":{"start":{"line":299,"column":18},"end":{"line":299,"column":70}},"79":{"start":{"line":299,"column":46},"end":{"line":299,"column":69}},"80":{"start":{"line":300,"column":4},"end":{"line":304,"column":5}},"81":{"start":{"line":301,"column":23},"end":{"line":301,"column":33}},"82":{"start":{"line":302,"column":6},"end":{"line":302,"column":29}},"83":{"start":{"line":303,"column":6},"end":{"line":303,"column":22}},"84":{"start":{"line":305,"column":4},"end":{"line":305,"column":28}},"85":{"start":{"line":312,"column":4},"end":{"line":312,"column":48}},"86":{"start":{"line":312,"column":32},"end":{"line":312,"column":46}},"87":{"start":{"line":323,"column":4},"end":{"line":323,"column":68}},"88":{"start":{"line":323,"column":29},"end":{"line":323,"column":66}}},"fnMap":{"0":{"name":"(anonymous_7)","decl":{"start":{"line":46,"column":33},"end":{"line":46,"column":null}},"loc":{"start":{"line":51,"column":27},"end":{"line":66,"column":1}}},"1":{"name":"(anonymous_8)","decl":{"start":{"line":52,"column":9},"end":{"line":52,"column":16}},"loc":{"start":{"line":52,"column":28},"end":{"line":65,"column":4}}},"2":{"name":"(anonymous_9)","decl":{"start":{"line":52,"column":28},"end":{"line":52,"column":null}},"loc":{"start":{"line":52,"column":28},"end":{"line":65,"column":3}}},"3":{"name":"(anonymous_10)","decl":{"start":{"line":72,"column":40},"end":{"line":72,"column":null}},"loc":{"start":{"line":77,"column":27},"end":{"line":97,"column":1}}},"4":{"name":"(anonymous_11)","decl":{"start":{"line":78,"column":9},"end":{"line":78,"column":16}},"loc":{"start":{"line":78,"column":28},"end":{"line":96,"column":4}}},"5":{"name":"(anonymous_12)","decl":{"start":{"line":78,"column":28},"end":{"line":78,"column":null}},"loc":{"start":{"line":78,"column":28},"end":{"line":96,"column":3}}},"6":{"name":"(anonymous_13)","decl":{"start":{"line":103,"column":34},"end":{"line":103,"column":null}},"loc":{"start":{"line":107,"column":6},"end":{"line":113,"column":2}}},"7":{"name":"(anonymous_14)","decl":{"start":{"line":119,"column":38},"end":{"line":119,"column":49}},"loc":{"start":{"line":119,"column":51},"end":{"line":121,"column":1}}},"8":{"name":"(anonymous_15)","decl":{"start":{"line":127,"column":32},"end":{"line":127,"column":33}},"loc":{"start":{"line":127,"column":68},"end":{"line":129,"column":1}}},"9":{"name":"(anonymous_16)","decl":{"start":{"line":128,"column":21},"end":{"line":128,"column":28}},"loc":{"start":{"line":128,"column":32},"end":{"line":128,"column":55}}},"10":{"name":"(anonymous_17)","decl":{"start":{"line":135,"column":28},"end":{"line":135,"column":29}},"loc":{"start":{"line":135,"column":55},"end":{"line":138,"column":1}}},"11":{"name":"(anonymous_18)","decl":{"start":{"line":144,"column":32},"end":{"line":144,"column":33}},"loc":{"start":{"line":144,"column":59},"end":{"line":147,"column":1}}},"12":{"name":"(anonymous_19)","decl":{"start":{"line":153,"column":38},"end":{"line":153,"column":39}},"loc":{"start":{"line":153,"column":71},"end":{"line":158,"column":1}}},"13":{"name":"(anonymous_20)","decl":{"start":{"line":165,"column":7},"end":{"line":165,"column":8}},"loc":{"start":{"line":165,"column":52},"end":{"line":173,"column":3}}},"14":{"name":"(anonymous_21)","decl":{"start":{"line":175,"column":7},"end":{"line":175,"column":25}},"loc":{"start":{"line":175,"column":27},"end":{"line":177,"column":3}}},"15":{"name":"(anonymous_22)","decl":{"start":{"line":179,"column":10},"end":{"line":179,"column":19}},"loc":{"start":{"line":179,"column":21},"end":{"line":182,"column":3}}},"16":{"name":"(anonymous_23)","decl":{"start":{"line":191,"column":34},"end":{"line":191,"column":null}},"loc":{"start":{"line":195,"column":8},"end":{"line":199,"column":null}}},"17":{"name":"(anonymous_24)","decl":{"start":{"line":207,"column":32},"end":{"line":207,"column":null}},"loc":{"start":{"line":211,"column":8},"end":{"line":215,"column":null}}},"18":{"name":"(anonymous_25)","decl":{"start":{"line":223,"column":33},"end":{"line":223,"column":null}},"loc":{"start":{"line":227,"column":8},"end":{"line":231,"column":null}}},"19":{"name":"(anonymous_26)","decl":{"start":{"line":239,"column":37},"end":{"line":239,"column":null}},"loc":{"start":{"line":243,"column":8},"end":{"line":247,"column":null}}},"20":{"name":"(anonymous_27)","decl":{"start":{"line":258,"column":14},"end":{"line":258,"column":null}},"loc":{"start":{"line":261,"column":10},"end":{"line":264,"column":null}}},"21":{"name":"(anonymous_28)","decl":{"start":{"line":270,"column":12},"end":{"line":270,"column":null}},"loc":{"start":{"line":273,"column":10},"end":{"line":276,"column":null}}},"22":{"name":"(anonymous_29)","decl":{"start":{"line":282,"column":14},"end":{"line":282,"column":null}},"loc":{"start":{"line":284,"column":10},"end":{"line":287,"column":null}}},"23":{"name":"(anonymous_30)","decl":{"start":{"line":298,"column":10},"end":{"line":298,"column":37}},"loc":{"start":{"line":298,"column":65},"end":{"line":306,"column":3}}},"24":{"name":"(anonymous_31)","decl":{"start":{"line":299,"column":34},"end":{"line":299,"column":42}},"loc":{"start":{"line":299,"column":46},"end":{"line":299,"column":69}}},"25":{"name":"(anonymous_32)","decl":{"start":{"line":311,"column":10},"end":{"line":311,"column":37}},"loc":{"start":{"line":311,"column":68},"end":{"line":313,"column":3}}},"26":{"name":"(anonymous_33)","decl":{"start":{"line":312,"column":24},"end":{"line":312,"column":28}},"loc":{"start":{"line":312,"column":32},"end":{"line":312,"column":46}}},"27":{"name":"(anonymous_34)","decl":{"start":{"line":318,"column":10},"end":{"line":318,"column":null}},"loc":{"start":{"line":322,"column":11},"end":{"line":324,"column":3}}},"28":{"name":"(anonymous_35)","decl":{"start":{"line":323,"column":21},"end":{"line":323,"column":25}},"loc":{"start":{"line":323,"column":29},"end":{"line":323,"column":66}}}},"branchMap":{"0":{"loc":{"start":{"line":60,"column":27},"end":{"line":60,"column":92}},"type":"cond-expr","locations":[{"start":{"line":60,"column":52},"end":{"line":60,"column":65}},{"start":{"line":60,"column":68},"end":{"line":60,"column":92}}]},"1":{"loc":{"start":{"line":88,"column":27},"end":{"line":89,"column":77}},"type":"binary-expr","locations":[{"start":{"line":88,"column":27},"end":{"line":88,"column":45}},{"start":{"line":89,"column":9},"end":{"line":89,"column":76}}]},"2":{"loc":{"start":{"line":89,"column":9},"end":{"line":89,"column":76}},"type":"cond-expr","locations":[{"start":{"line":89,"column":34},"end":{"line":89,"column":47}},{"start":{"line":89,"column":50},"end":{"line":89,"column":76}}]},"3":{"loc":{"start":{"line":111,"column":12},"end":{"line":111,"column":56}},"type":"cond-expr","locations":[{"start":{"line":111,"column":12},"end":{"line":111,"column":20}},{"start":{"line":111,"column":25},"end":{"line":111,"column":55}}]},"4":{"loc":{"start":{"line":111,"column":12},"end":{"line":111,"column":24}},"type":"binary-expr","locations":[{"start":{"line":111,"column":12},"end":{"line":111,"column":24}},{"start":{"line":111,"column":12},"end":{"line":111,"column":24}}]},"5":{"loc":{"start":{"line":111,"column":25},"end":{"line":111,"column":55}},"type":"cond-expr","locations":[{"start":{"line":111,"column":44},"end":{"line":111,"column":48}},{"start":{"line":111,"column":51},"end":{"line":111,"column":55}}]},"6":{"loc":{"start":{"line":127,"column":33},"end":{"line":127,"column":49}},"type":"default-arg","locations":[{"start":{"line":127,"column":46},"end":{"line":127,"column":49}}]},"7":{"loc":{"start":{"line":145,"column":9},"end":{"line":146,"column":81}},"type":"binary-expr","locations":[{"start":{"line":145,"column":9},"end":{"line":145,"column":40}},{"start":{"line":146,"column":9},"end":{"line":146,"column":81}}]},"8":{"loc":{"start":{"line":154,"column":2},"end":{"line":156,"column":3}},"type":"if","locations":[{"start":{"line":154,"column":2},"end":{"line":156,"column":3}}]},"9":{"loc":{"start":{"line":166,"column":4},"end":{"line":172,"column":5}},"type":"if","locations":[{"start":{"line":166,"column":4},"end":{"line":172,"column":5}},{"start":{"line":169,"column":11},"end":{"line":172,"column":5}}]},"10":{"loc":{"start":{"line":176,"column":11},"end":{"line":176,"column":83}},"type":"binary-expr","locations":[{"start":{"line":176,"column":11},"end":{"line":176,"column":44}},{"start":{"line":176,"column":48},"end":{"line":176,"column":83}}]},"11":{"loc":{"start":{"line":226,"column":2},"end":{"line":226,"column":30}},"type":"default-arg","locations":[{"start":{"line":226,"column":20},"end":{"line":226,"column":30}}]},"12":{"loc":{"start":{"line":264,"column":11},"end":{"line":264,"column":39}},"type":"cond-expr","locations":[{"start":{"line":264,"column":21},"end":{"line":264,"column":25}},{"start":{"line":264,"column":28},"end":{"line":264,"column":39}}]},"13":{"loc":{"start":{"line":300,"column":4},"end":{"line":304,"column":5}},"type":"if","locations":[{"start":{"line":300,"column":4},"end":{"line":304,"column":5}}]},"14":{"loc":{"start":{"line":323,"column":29},"end":{"line":323,"column":66}},"type":"cond-expr","locations":[{"start":{"line":323,"column":46},"end":{"line":323,"column":59}},{"start":{"line":323,"column":62},"end":{"line":323,"column":66}}]}},"s":{"0":0,"1":0,"2":0,"3":0,"4":0,"5":0,"6":0,"7":0,"8":0,"9":0,"10":0,"11":0,"12":0,"13":0,"14":0,"15":0,"16":0,"17":0,"18":0,"19":0,"20":0,"21":0,"22":0,"23":0,"24":0,"25":0,"26":0,"27":0,"28":0,"29":0,"30":0,"31":0,"32":0,"33":0,"34":0,"35":0,"36":0,"37":0,"38":0,"39":0,"40":0,"41":0,"42":0,"43":0,"44":0,"45":0,"46":0,"47":0,"48":0,"49":0,"50":0,"51":0,"52":0,"53":0,"54":0,"55":0,"56":0,"57":0,"58":0,"59":0,"60":0,"61":0,"62":0,"63":0,"64":0,"65":0,"66":0,"67":0,"68":0,"69":0,"70":0,"71":0,"72":0,"73":0,"74":0,"75":0,"76":0,"77":0,"78":0,"79":0,"80":0,"81":0,"82":0,"83":0,"84":0,"85":0,"86":0,"87":0,"88":0},"f":{"0":0,"1":0,"2":0,"3":0,"4":0,"5":0,"6":0,"7":0,"8":0,"9":0,"10":0,"11":0,"12":0,"13":0,"14":0,"15":0,"16":0,"17":0,"18":0,"19":0,"20":0,"21":0,"22":0,"23":0,"24":0,"25":0,"26":0,"27":0,"28":0},"b":{"0":[0,0],"1":[0,0],"2":[0,0],"3":[0,0],"4":[0,0],"5":[0,0],"6":[0],"7":[0,0],"8":[0],"9":[0,0],"10":[0,0],"11":[0],"12":[0,0],"13":[0],"14":[0,0]}}
,"/home/runner/work/map-tryouts/map-tryouts/src/data/wifiData.ts": {"path":"/home/runner/work/map-tryouts/map-tryouts/src/data/wifiData.ts","statementMap":{"0":{"start":{"line":27,"column":13},"end":{"line":158,"column":2}},"1":{"start":{"line":161,"column":40},"end":{"line":201,"column":1}},"2":{"start":{"line":162,"column":46},"end":{"line":162,"column":48}},"3":{"start":{"line":165,"column":2},"end":{"line":188,"column":5}},"4":{"start":{"line":167,"column":22},"end":{"line":167,"column":51}},"5":{"start":{"line":168,"column":24},"end":{"line":168,"column":63}},"6":{"start":{"line":170,"column":4},"end":{"line":187,"column":5}},"7":{"start":{"line":170,"column":17},"end":{"line":170,"column":18}},"8":{"start":{"line":171,"column":20},"end":{"line":171,"column":51}},"9":{"start":{"line":172,"column":23},"end":{"line":172,"column":48}},"10":{"start":{"line":174,"column":18},"end":{"line":174,"column":60}},"11":{"start":{"line":175,"column":18},"end":{"line":175,"column":60}},"12":{"start":{"line":178,"column":33},"end":{"line":178,"column":53}},"13":{"start":{"line":179,"column":29},"end":{"line":179,"column":84}},"14":{"start":{"line":181,"column":6},"end":{"line":186,"column":9}},"15":{"start":{"line":191,"column":2},"end":{"line":198,"column":3}},"16":{"start":{"line":191,"column":15},"end":{"line":191,"column":16}},"17":{"start":{"line":192,"column":4},"end":{"line":197,"column":7}},"18":{"start":{"line":200,"column":2},"end":{"line":200,"column":24}},"19":{"start":{"line":161,"column":13},"end":{"line":161,"column":40}},"20":{"start":{"line":204,"column":13},"end":{"line":214,"column":2}},"21":{"start":{"line":217,"column":13},"end":{"line":226,"column":2}},"22":{"start":{"line":219,"column":43},"end":{"line":219,"column":53}},"23":{"start":{"line":220,"column":57},"end":{"line":220,"column":79}},"24":{"start":{"line":221,"column":55},"end":{"line":221,"column":75}},"25":{"start":{"line":222,"column":49},"end":{"line":222,"column":65}},"26":{"start":{"line":223,"column":56},"end":{"line":223,"column":78}},"27":{"start":{"line":224,"column":47},"end":{"line":224,"column":57}},"28":{"start":{"line":225,"column":51},"end":{"line":225,"column":71}},"29":{"start":{"line":225,"column":110},"end":{"line":225,"column":126}}},"fnMap":{"0":{"name":"(anonymous_0)","decl":{"start":{"line":161,"column":40},"end":{"line":161,"column":64}},"loc":{"start":{"line":161,"column":66},"end":{"line":201,"column":1}}},"1":{"name":"(anonymous_1)","decl":{"start":{"line":165,"column":23},"end":{"line":165,"column":30}},"loc":{"start":{"line":165,"column":33},"end":{"line":188,"column":3}}},"2":{"name":"(anonymous_2)","decl":{"start":{"line":219,"column":38},"end":{"line":219,"column":39}},"loc":{"start":{"line":219,"column":43},"end":{"line":219,"column":53}}},"3":{"name":"(anonymous_3)","decl":{"start":{"line":220,"column":45},"end":{"line":220,"column":46}},"loc":{"start":{"line":220,"column":57},"end":{"line":220,"column":79}}},"4":{"name":"(anonymous_4)","decl":{"start":{"line":221,"column":43},"end":{"line":221,"column":44}},"loc":{"start":{"line":221,"column":55},"end":{"line":221,"column":75}}},"5":{"name":"(anonymous_5)","decl":{"start":{"line":222,"column":37},"end":{"line":222,"column":38}},"loc":{"start":{"line":222,"column":49},"end":{"line":222,"column":65}}},"6":{"name":"(anonymous_6)","decl":{"start":{"line":223,"column":44},"end":{"line":223,"column":45}},"loc":{"start":{"line":223,"column":56},"end":{"line":223,"column":78}}},"7":{"name":"(anonymous_7)","decl":{"start":{"line":224,"column":42},"end":{"line":224,"column":43}},"loc":{"start":{"line":224,"column":47},"end":{"line":224,"column":57}}},"8":{"name":"(anonymous_8)","decl":{"start":{"line":225,"column":39},"end":{"line":225,"column":40}},"loc":{"start":{"line":225,"column":51},"end":{"line":225,"column":71}}},"9":{"name":"(anonymous_9)","decl":{"start":{"line":225,"column":98},"end":{"line":225,"column":99}},"loc":{"start":{"line":225,"column":110},"end":{"line":225,"column":126}}}},"branchMap":{},"s":{"0":0,"1":0,"2":0,"3":0,"4":0,"5":0,"6":0,"7":0,"8":0,"9":0,"10":0,"11":0,"12":0,"13":0,"14":0,"15":0,"16":0,"17":0,"18":0,"19":0,"20":0,"21":0,"22":0,"23":0,"24":0,"25":0,"26":0,"27":0,"28":0,"29":0},"f":{"0":0,"1":0,"2":0,"3":0,"4":0,"5":0,"6":0,"7":0,"8":0,"9":0},"b":{}}
,"/home/runner/work/map-tryouts/map-tryouts/src/hooks/index.ts": {"path":"/home/runner/work/map-tryouts/map-tryouts/src/hooks/index.ts","statementMap":{"0":{"start":{"line":1,"column":0},"end":{"line":1,"column":9}},"1":{"start":{"line":1,"column":9},"end":{"line":1,"column":30}},"2":{"start":{"line":1,"column":30},"end":{"line":1,"column":43}},"3":{"start":{"line":1,"column":43},"end":{"line":1,"column":89}}},"fnMap":{"0":{"name":"(anonymous_0)","decl":{"start":{"line":1,"column":9},"end":{"line":1,"column":28}},"loc":{"start":{"line":1,"column":9},"end":{"line":1,"column":30}}},"1":{"name":"(anonymous_1)","decl":{"start":{"line":1,"column":30},"end":{"line":1,"column":41}},"loc":{"start":{"line":1,"column":30},"end":{"line":1,"column":43}}},"2":{"name":"(anonymous_2)","decl":{"start":{"line":1,"column":43},"end":{"line":1,"column":57}},"loc":{"start":{"line":1,"column":43},"end":{"line":1,"column":89}}}},"branchMap":{},"s":{"0":0,"1":0,"2":0,"3":0},"f":{"0":0,"1":0,"2":0},"b":{}}
,"/home/runner/work/map-tryouts/map-tryouts/src/hooks/useAirQuality.ts": {"path":"/home/runner/work/map-tryouts/map-tryouts/src/hooks/useAirQuality.ts","statementMap":{"0":{"start":{"line":1,"column":0},"end":{"line":1,"column":57}},"1":{"start":{"line":3,"column":0},"end":{"line":3,"column":66}},"2":{"start":{"line":17,"column":29},"end":{"line":80,"column":1}},"3":{"start":{"line":18,"column":34},"end":{"line":18,"column":67}},"4":{"start":{"line":19,"column":32},"end":{"line":19,"column":46}},"5":{"start":{"line":20,"column":28},"end":{"line":20,"column":57}},"6":{"start":{"line":21,"column":40},"end":{"line":21,"column":67}},"7":{"start":{"line":22,"column":38},"end":{"line":22,"column":49}},"8":{"start":{"line":24,"column":20},"end":{"line":46,"column":8}},"9":{"start":{"line":24,"column":43},"end":{"line":46,"column":5}},"10":{"start":{"line":25,"column":4},"end":{"line":45,"column":5}},"11":{"start":{"line":26,"column":6},"end":{"line":26,"column":23}},"12":{"start":{"line":27,"column":6},"end":{"line":27,"column":21}},"13":{"start":{"line":29,"column":19},"end":{"line":29,"column":66}},"14":{"start":{"line":31,"column":6},"end":{"line":31,"column":24}},"15":{"start":{"line":32,"column":6},"end":{"line":32,"column":33}},"16":{"start":{"line":33,"column":6},"end":{"line":33,"column":23}},"17":{"start":{"line":36,"column":27},"end":{"line":36,"column":88}},"18":{"start":{"line":37,"column":6},"end":{"line":37,"column":29}},"19":{"start":{"line":38,"column":6},"end":{"line":38,"column":58}},"20":{"start":{"line":41,"column":6},"end":{"line":41,"column":38}},"21":{"start":{"line":41,"column":28},"end":{"line":41,"column":36}},"22":{"start":{"line":44,"column":6},"end":{"line":44,"column":24}},"23":{"start":{"line":48,"column":22},"end":{"line":50,"column":17}},"24":{"start":{"line":48,"column":45},"end":{"line":50,"column":5}},"25":{"start":{"line":49,"column":4},"end":{"line":49,"column":22}},"26":{"start":{"line":53,"column":2},"end":{"line":55,"column":18}},"27":{"start":{"line":54,"column":4},"end":{"line":54,"column":16}},"28":{"start":{"line":58,"column":2},"end":{"line":70,"column":67}},"29":{"start":{"line":59,"column":4},"end":{"line":59,"column":29}},"30":{"start":{"line":59,"column":22},"end":{"line":59,"column":29}},"31":{"start":{"line":62,"column":25},"end":{"line":62,"column":85}},"32":{"start":{"line":63,"column":18},"end":{"line":63,"column":56}},"33":{"start":{"line":65,"column":21},"end":{"line":67,"column":13}},"34":{"start":{"line":66,"column":6},"end":{"line":66,"column":18}},"35":{"start":{"line":69,"column":4},"end":{"line":69,"column":41}},"36":{"start":{"line":69,"column":17},"end":{"line":69,"column":40}},"37":{"start":{"line":72,"column":2},"end":{"line":79,"column":4}},"38":{"start":{"line":17,"column":13},"end":{"line":17,"column":29}},"39":{"start":{"line":85,"column":37},"end":{"line":126,"column":1}},"40":{"start":{"line":98,"column":2},"end":{"line":125,"column":8}},"41":{"start":{"line":99,"column":4},"end":{"line":124,"column":7}},"42":{"start":{"line":101,"column":6},"end":{"line":103,"column":7}},"43":{"start":{"line":102,"column":8},"end":{"line":102,"column":21}},"44":{"start":{"line":106,"column":6},"end":{"line":108,"column":7}},"45":{"start":{"line":107,"column":8},"end":{"line":107,"column":21}},"46":{"start":{"line":111,"column":6},"end":{"line":121,"column":7}},"47":{"start":{"line":112,"column":45},"end":{"line":112,"column":59}},"48":{"start":{"line":113,"column":8},"end":{"line":120,"column":9}},"49":{"start":{"line":119,"column":10},"end":{"line":119,"column":23}},"50":{"start":{"line":123,"column":6},"end":{"line":123,"column":18}},"51":{"start":{"line":85,"column":13},"end":{"line":85,"column":37}}},"fnMap":{"0":{"name":"(anonymous_7)","decl":{"start":{"line":17,"column":29},"end":{"line":17,"column":30}},"loc":{"start":{"line":17,"column":99},"end":{"line":80,"column":1}}},"1":{"name":"(anonymous_8)","decl":{"start":{"line":24,"column":32},"end":{"line":24,"column":41}},"loc":{"start":{"line":24,"column":43},"end":{"line":46,"column":5}}},"2":{"name":"(anonymous_9)","decl":{"start":{"line":24,"column":43},"end":{"line":24,"column":null}},"loc":{"start":{"line":24,"column":43},"end":{"line":46,"column":3}}},"3":{"name":"(anonymous_10)","decl":{"start":{"line":41,"column":20},"end":{"line":41,"column":24}},"loc":{"start":{"line":41,"column":28},"end":{"line":41,"column":36}}},"4":{"name":"(anonymous_11)","decl":{"start":{"line":48,"column":34},"end":{"line":48,"column":43}},"loc":{"start":{"line":48,"column":45},"end":{"line":50,"column":5}}},"5":{"name":"(anonymous_12)","decl":{"start":{"line":48,"column":45},"end":{"line":48,"column":null}},"loc":{"start":{"line":48,"column":45},"end":{"line":50,"column":3}}},"6":{"name":"(anonymous_13)","decl":{"start":{"line":53,"column":12},"end":{"line":53,"column":15}},"loc":{"start":{"line":53,"column":17},"end":{"line":55,"column":3}}},"7":{"name":"(anonymous_14)","decl":{"start":{"line":58,"column":12},"end":{"line":58,"column":15}},"loc":{"start":{"line":58,"column":17},"end":{"line":70,"column":3}}},"8":{"name":"(anonymous_15)","decl":{"start":{"line":65,"column":33},"end":{"line":65,"column":36}},"loc":{"start":{"line":65,"column":38},"end":{"line":67,"column":5}}},"9":{"name":"(anonymous_16)","decl":{"start":{"line":69,"column":11},"end":{"line":69,"column":14}},"loc":{"start":{"line":69,"column":17},"end":{"line":69,"column":40}}},"10":{"name":"(anonymous_17)","decl":{"start":{"line":85,"column":37},"end":{"line":85,"column":null}},"loc":{"start":{"line":97,"column":4},"end":{"line":126,"column":1}}},"11":{"name":"(anonymous_18)","decl":{"start":{"line":98,"column":18},"end":{"line":98,"column":21}},"loc":{"start":{"line":98,"column":23},"end":{"line":125,"column":3}}},"12":{"name":"(anonymous_19)","decl":{"start":{"line":99,"column":27},"end":{"line":99,"column":34}},"loc":{"start":{"line":99,"column":37},"end":{"line":124,"column":5}}}},"branchMap":{"0":{"loc":{"start":{"line":17,"column":30},"end":{"line":17,"column":48}},"type":"default-arg","locations":[{"start":{"line":17,"column":44},"end":{"line":17,"column":48}}]},"1":{"loc":{"start":{"line":17,"column":50},"end":{"line":17,"column":74}},"type":"default-arg","locations":[{"start":{"line":17,"column":68},"end":{"line":17,"column":74}}]},"2":{"loc":{"start":{"line":36,"column":27},"end":{"line":36,"column":88}},"type":"cond-expr","locations":[{"start":{"line":36,"column":50},"end":{"line":36,"column":61}},{"start":{"line":36,"column":64},"end":{"line":36,"column":88}}]},"3":{"loc":{"start":{"line":59,"column":4},"end":{"line":59,"column":29}},"type":"if","locations":[{"start":{"line":59,"column":4},"end":{"line":59,"column":29}}]},"4":{"loc":{"start":{"line":63,"column":18},"end":{"line":63,"column":56}},"type":"cond-expr","locations":[{"start":{"line":63,"column":26},"end":{"line":63,"column":38}},{"start":{"line":63,"column":41},"end":{"line":63,"column":56}}]},"5":{"loc":{"start":{"line":87,"column":2},"end":{"line":96,"column":8}},"type":"default-arg","locations":[{"start":{"line":96,"column":6},"end":{"line":96,"column":8}}]},"6":{"loc":{"start":{"line":101,"column":6},"end":{"line":103,"column":7}},"type":"if","locations":[{"start":{"line":101,"column":6},"end":{"line":103,"column":7}}]},"7":{"loc":{"start":{"line":101,"column":10},"end":{"line":101,"column":49}},"type":"binary-expr","locations":[{"start":{"line":101,"column":10},"end":{"line":101,"column":28}},{"start":{"line":101,"column":32},"end":{"line":101,"column":49}}]},"8":{"loc":{"start":{"line":106,"column":6},"end":{"line":108,"column":7}},"type":"if","locations":[{"start":{"line":106,"column":6},"end":{"line":108,"column":7}}]},"9":{"loc":{"start":{"line":106,"column":10},"end":{"line":106,"column":88}},"type":"binary-expr","locations":[{"start":{"line":106,"column":10},"end":{"line":106,"column":31}},{"start":{"line":106,"column":35},"end":{"line":106,"column":88}}]},"10":{"loc":{"start":{"line":111,"column":6},"end":{"line":121,"column":7}},"type":"if","locations":[{"start":{"line":111,"column":6},"end":{"line":121,"column":7}}]},"11":{"loc":{"start":{"line":113,"column":8},"end":{"line":120,"column":9}},"type":"if","locations":[{"start":{"line":113,"column":8},"end":{"line":120,"column":9}}]},"12":{"loc":{"start":{"line":114,"column":10},"end":{"line":117,"column":34}},"type":"binary-expr","locations":[{"start":{"line":114,"column":10},"end":{"line":114,"column":34}},{"start":{"line":115,"column":10},"end":{"line":115,"column":34}},{"start":{"line":116,"column":10},"end":{"line":116,"column":34}},{"start":{"line":117,"column":10},"end":{"line":117,"column":34}}]}},"s":{"0":0,"1":0,"2":0,"3":0,"4":0,"5":0,"6":0,"7":0,"8":0,"9":0,"10":0,"11":0,"12":0,"13":0,"14":0,"15":0,"16":0,"17":0,"18":0,"19":0,"20":0,"21":0,"22":0,"23":0,"24":0,"25":0,"26":0,"27":0,"28":0,"29":0,"30":0,"31":0,"32":0,"33":0,"34":0,"35":0,"36":0,"37":0,"38":0,"39":0,"40":0,"41":0,"42":0,"43":0,"44":0,"45":0,"46":0,"47":0,"48":0,"49":0,"50":0,"51":0},"f":{"0":0,"1":0,"2":0,"3":0,"4":0,"5":0,"6":0,"7":0,"8":0,"9":0,"10":0,"11":0,"12":0},"b":{"0":[0],"1":[0],"2":[0,0],"3":[0],"4":[0,0],"5":[0],"
[...]
":24},"end":{"line":27,"column":94}},"9":{"start":{"line":28,"column":6},"end":{"line":28,"column":49}},"10":{"start":{"line":29,"column":6},"end":{"line":29,"column":73}},"11":{"start":{"line":33,"column":16},"end":{"line":33,"column":53}},"12":{"start":{"line":34,"column":4},"end":{"line":40,"column":5}},"13":{"start":{"line":35,"column":6},"end":{"line":39,"column":7}},"14":{"start":{"line":36,"column":8},"end":{"line":36,"column":56}},"15":{"start":{"line":43,"column":4},"end":{"line":43,"column":22}},"16":{"start":{"line":47,"column":30},"end":{"line":52,"column":6}},"17":{"start":{"line":53,"column":4},"end":{"line":53,"column":24}},"18":{"start":{"line":54,"column":4},"end":{"line":54,"column":24}},"19":{"start":{"line":57,"column":4},"end":{"line":57,"column":33}},"20":{"start":{"line":61,"column":4},"end":{"line":65,"column":5}},"21":{"start":{"line":62,"column":6},"end":{"line":62,"column":72}},"22":{"start":{"line":69,"column":4},"end":{"line":69,"column":58}},"23":{"start":{"line":69,"column":51},"end":{"line":69,"column":58}},"24":{"start":{"line":71,"column":20},"end":{"line":71,"column":47}},"25":{"start":{"line":73,"column":4},"end":{"line":87,"column":5}},"26":{"start":{"line":74,"column":19},"end":{"line":78,"column":8}},"27":{"start":{"line":80,"column":6},"end":{"line":84,"column":7}},"28":{"start":{"line":82,"column":8},"end":{"line":82,"column":24}},"29":{"start":{"line":83,"column":8},"end":{"line":83,"column":28}},"30":{"start":{"line":91,"column":4},"end":{"line":91,"column":29}},"31":{"start":{"line":91,"column":22},"end":{"line":91,"column":29}},"32":{"start":{"line":92,"column":4},"end":{"line":92,"column":94}},"33":{"start":{"line":92,"column":44},"end":{"line":92,"column":72}},"34":{"start":{"line":96,"column":4},"end":{"line":96,"column":30}},"35":{"start":{"line":96,"column":23},"end":{"line":96,"column":30}},"36":{"start":{"line":97,"column":4},"end":{"line":97,"column":32}},"37":{"start":{"line":98,"column":4},"end":{"line":98,"column":24}},"38":{"start":{"line":102,"column":13},"end":{"line":102,"column":53}}},"fnMap":{"0":{"name":"(anonymous_7)","decl":{"start":{"line":22,"column":2},"end":{"line":22,"column":null}},"loc":{"start":{"line":22,"column":2},"end":{"line":44,"column":3}}},"1":{"name":"(anonymous_8)","decl":{"start":{"line":46,"column":2},"end":{"line":46,"column":7}},"loc":{"start":{"line":46,"column":86},"end":{"line":58,"column":3}}},"2":{"name":"(anonymous_9)","decl":{"start":{"line":57,"column":23},"end":{"line":57,"column":26}},"loc":{"start":{"line":57,"column":28},"end":{"line":57,"column":31}}},"3":{"name":"(anonymous_10)","decl":{"start":{"line":60,"column":10},"end":{"line":60,"column":22}},"loc":{"start":{"line":60,"column":22},"end":{"line":66,"column":3}}},"4":{"name":"(anonymous_11)","decl":{"start":{"line":68,"column":8},"end":{"line":68,"column":13}},"loc":{"start":{"line":68,"column":13},"end":{"line":88,"column":null}}},"5":{"name":"(anonymous_13)","decl":{"start":{"line":90,"column":2},"end":{"line":90,"column":12}},"loc":{"start":{"line":90,"column":12},"end":{"line":93,"column":3}}},"6":{"name":"(anonymous_14)","decl":{"start":{"line":92,"column":38},"end":{"line":92,"column":41}},"loc":{"start":{"line":92,"column":44},"end":{"line":92,"column":72}}},"7":{"name":"(anonymous_15)","decl":{"start":{"line":92,"column":63},"end":{"line":92,"column":66}},"loc":{"start":{"line":92,"column":68},"end":{"line":92,"column":71}}},"8":{"name":"(anonymous_16)","decl":{"start":{"line":95,"column":2},"end":{"line":95,"column":11}},"loc":{"start":{"line":95,"column":11},"end":{"line":99,"column":3}}}},"branchMap":{"0":{"loc":{"start":{"line":25,"column":4},"end":{"line":30,"column":5}},"type":"if","locations":[{"start":{"line":25,"column":4},"end":{"line":30,"column":5}}]},"1":{"loc":{"start":{"line":25,"column":8},"end":{"line":25,"column":59}},"type":"binary-expr","locations":[{"start":{"line":25,"column":8},"end":{"line":25,"column":11}},{"start":{"line":25,"column":15},"end":{"line":25,"column":38}},{"start":{"line":25,"column":42},"end":{"line":25,"column":59}}]},"2":{"loc":{"start":{"line":28,"column":22},"end":{"line":28,"column":48}},"type":"binary-expr","locations":[{"start":{"line":28,"column":22},"end":{"line":28,"column":40}},{"start":{"line":28,"column":44},"end":{"line":28,"column":48}}]},"3":{"loc":{"start":{"line":28,"column":22},"end":{"line":28,"column":40}},"type":"cond-expr","locations":[{"start":{"line":28,"column":30},"end":{"line":28,"column":32}},{"start":{"line":28,"column":22},"end":{"line":28,"column":40}}]},"4":{"loc":{"start":{"line":28,"column":22},"end":{"line":28,"column":32}},"type":"binary-expr","locations":[{"start":{"line":28,"column":22},"end":{"line":28,"column":32}},{"start":{"line":28,"column":22},"end":{"line":28,"column":32}}]},"5":{"loc":{"start":{"line":29,"column":27},"end":{"line":29,"column":72}},"type":"binary-expr","locations":[{"start":{"line":29,"column":27},"end":{"line":29,"column":50}},{"start":{"line":29,"column":54},"end":{"line":29,"column":72}}]},"6":{"loc":{"start":{"line":29,"column":27},"end":{"line":29,"column":50}},"type":"cond-expr","locations":[{"start":{"line":29,"column":35},"end":{"line":29,"column":37}},{"start":{"line":29,"column":27},"end":{"line":29,"column":50}}]},"7":{"loc":{"start":{"line":29,"column":27},"end":{"line":29,"column":37}},"type":"binary-expr","locations":[{"start":{"line":29,"column":27},"end":{"line":29,"column":37}},{"start":{"line":29,"column":27},"end":{"line":29,"column":37}}]},"8":{"loc":{"start":{"line":34,"column":4},"end":{"line":40,"column":5}},"type":"if","locations":[{"start":{"line":34,"column":4},"end":{"line":40,"column":5}}]},"9":{"loc":{"start":{"line":49,"column":13},"end":{"line":49,"column":24}},"type":"binary-expr","locations":[{"start":{"line":49,"column":13},"end":{"line":49,"column":18}},{"start":{"line":49,"column":22},"end":{"line":49,"column":24}}]},"10":{"loc":{"start":{"line":51,"column":14},"end":{"line":51,"column":28}},"type":"cond-expr","locations":[{"start":{"line":51,"column":14},"end":{"line":51,"column":20}},{"start":{"line":51,"column":24},"end":{"line":51,"column":28}}]},"11":{"loc":{"start":{"line":51,"column":14},"end":{"line":51,"column":24}},"type":"binary-expr","locations":[{"start":{"line":51,"column":14},"end":{"line":51,"column":24}},{"start":{"line":51,"column":14},"end":{"line":51,"column":24}}]},"12":{"loc":{"start":{"line":69,"column":4},"end":{"line":69,"column":58}},"type":"if","locations":[{"start":{"line":69,"column":4},"end":{"line":69,"column":58}}]},"13":{"loc":{"start":{"line":69,"column":8},"end":{"line":69,"column":49}},"type":"binary-expr","locations":[{"start":{"line":69,"column":8},"end":{"line":69,"column":22}},{"start":{"line":69,"column":26},"end":{"line":69,"column":49}}]},"14":{"loc":{"start":{"line":80,"column":6},"end":{"line":84,"column":7}},"type":"if","locations":[{"start":{"line":80,"column":6},"end":{"line":84,"column":7}}]},"15":{"loc":{"start":{"line":91,"column":4},"end":{"line":91,"column":29}},"type":"if","locations":[{"start":{"line":91,"column":4},"end":{"line":91,"column":29}}]},"16":{"loc":{"start":{"line":96,"column":4},"end":{"line":96,"column":30}},"type":"if","locations":[{"start":{"line":96,"column":4},"end":{"line":96,"column":30}}]}},"s":{"0":0,"1":0,"2":0,"3":0,"4":0,"5":0,"6":0,"7":0,"8":0,"9":0,"10":0,"11":0,"12":0,"13":0,"14":0,"15":0,"16":0,"17":0,"18":0,"19":0,"20":0,"21":0,"22":0,"23":0,"24":0,"25":0,"26":0,"27":0,"28":0,"29":0,"30":0,"31":0,"32":0,"33":0,"34":0,"35":0,"36":0,"37":0,"38":0},"f":{"0":0,"1":0,"2":0,"3":0,"4":0,"5":0,"6":0,"7":0,"8":0},"b":{"0":[0],"1":[0,0,0],"2":[0,0],"3":[0,0],"4":[0,0],"5":[0,0],"6":[0,0],"7":[0,0],"8":[0],"9":[0,0],"10":[0,0],"11":[0,0],"12":[0],"13":[0,0],"14":[0],"15":[0],"16":[0]}}
,"/home/runner/work/map-tryouts/map-tryouts/src/types/airQuality.ts": {"path":"/home/runner/work/map-tryouts/map-tryouts/src/types/airQuality.ts","statementMap":{"0":{"start":{"line":116,"column":13},"end":{"line":152,"column":11}},"1":{"start":{"line":157,"column":13},"end":{"line":164,"column":11}}},"fnMap":{},"branchMap":{},"s":{"0":0,"1":0},"f":{},"b":{}}
,"/home/runner/work/map-tryouts/map-tryouts/src/utils/index.ts": {"path":"/home/runner/work/map-tryouts/map-tryouts/src/utils/index.ts","statementMap":{"0":{"start":{"line":1,"column":33},"end":{"line":3,"column":1}},"1":{"start":{"line":2,"column":2},"end":{"line":2,"column":32}},"2":{"start":{"line":1,"column":13},"end":{"line":1,"column":33}},"3":{"start":{"line":5,"column":30},"end":{"line":7,"column":1}},"4":{"start":{"line":6,"column":2},"end":{"line":6,"column":24}},"5":{"start":{"line":5,"column":13},"end":{"line":5,"column":30}},"6":{"start":{"line":9,"column":32},"end":{"line":11,"column":1}},"7":{"start":{"line":10,"column":2},"end":{"line":10,"column":22}},"8":{"start":{"line":9,"column":13},"end":{"line":9,"column":32}},"9":{"start":{"line":13,"column":32},"end":{"line":15,"column":1}},"10":{"start":{"line":14,"column":2},"end":{"line":14,"column":23}},"11":{"start":{"line":13,"column":13},"end":{"line":13,"column":32}},"12":{"start":{"line":17,"column":35},"end":{"line":22,"column":1}},"13":{"start":{"line":18,"column":2},"end":{"line":18,"column":31}},"14":{"start":{"line":18,"column":17},"end":{"line":18,"column":31}},"15":{"start":{"line":19,"column":2},"end":{"line":19,"column":36}},"16":{"start":{"line":19,"column":18},"end":{"line":19,"column":36}},"17":{"start":{"line":20,"column":2},"end":{"line":20,"column":32}},"18":{"start":{"line":20,"column":18},"end":{"line":20,"column":32}},"19":{"start":{"line":21,"column":2},"end":{"line":21,"column":21}},"20":{"start":{"line":17,"column":13},"end":{"line":17,"column":35}},"21":{"start":{"line":24,"column":34},"end":{"line":33,"column":1}},"22":{"start":{"line":25,"column":17},"end":{"line":25,"column":41}},"23":{"start":{"line":26,"column":2},"end":{"line":32,"column":3}},"24":{"start":{"line":27,"column":17},"end":{"line":27,"column":34}},"25":{"start":{"line":28,"column":21},"end":{"line":28,"column":38}},"26":{"start":{"line":29,"column":17},"end":{"line":29,"column":34}},"27":{"start":{"line":30,"column":22},"end":{"line":30,"column":39}},"28":{"start":{"line":31,"column":13},"end":{"line":31,"column":30}},"29":{"start":{"line":24,"column":13},"end":{"line":24,"column":34}},"30":{"start":{"line":35,"column":26},"end":{"line":43,"column":1}},"31":{"start":{"line":36,"column":2},"end":{"line":38,"column":3}},"32":{"start":{"line":37,"column":4},"end":{"line":37,"column":48}},"33":{"start":{"line":39,"column":2},"end":{"line":41,"column":3}},"34":{"start":{"line":40,"column":4},"end":{"line":40,"column":45}},"35":{"start":{"line":42,"column":2},"end":{"line":42,"column":22}},"36":{"start":{"line":35,"column":13},"end":{"line":35,"column":26}},"37":{"start":{"line":45,"column":33},"end":{"line":58,"column":1}},"38":{"start":{"line":46,"column":15},"end":{"line":46,"column":35}},"39":{"start":{"line":47,"column":14},"end":{"line":47,"column":24}},"40":{"start":{"line":48,"column":24},"end":{"line":48,"column":82}},"41":{"start":{"line":50,"column":2},"end":{"line":50,"column":43}},"42":{"start":{"line":50,"column":25},"end":{"line":50,"column":43}},"43":{"start":{"line":51,"column":2},"end":{"line":51,"column":57}},"44":{"start":{"line":51,"column":26},"end":{"line":51,"column":57}},"45":{"start":{"line":53,"column":22},"end":{"line":53,"column":52}},"46":{"start":{"line":54,"column":2},"end":{"line":54,"column":53}},"47":{"start":{"line":54,"column":24},"end":{"line":54,"column":53}},"48":{"start":{"line":56,"column":21},"end":{"line":56,"column":49}},"49":{"start":{"line":57,"column":2},"end":{"line":57,"column":30}},"50":{"start":{"line":45,"column":13},"end":{"line":45,"column":33}},"51":{"start":{"line":60,"column":24},"end":{"line":69,"column":1}},"52":{"start":{"line":65,"column":2},"end":{"line":68,"column":10}},"53":{"start":{"line":66,"column":4},"end":{"line":66,"column":28}},"54":{"start":{"line":67,"column":4},"end":{"line":67,"column":55}},"55":{"start":{"line":67,"column":33},"end":{"line":67,"column":46}},"56":{"start":{"line":60,"column":13},"end":{"line":60,"column":24}}},"fnMap":{"0":{"name":"(anonymous_0)","decl":{"start":{"line":1,"column":33},"end":{"line":1,"column":34}},"loc":{"start":{"line":1,"column":58},"end":{"line":3,"column":1}}},"1":{"name":"(anonymous_1)","decl":{"start":{"line":5,"column":30},"end":{"line":5,"column":31}},"loc":{"start":{"line":5,"column":59},"end":{"line":7,"column":1}}},"2":{"name":"(anonymous_2)","decl":{"start":{"line":9,"column":32},"end":{"line":9,"column":33}},"loc":{"start":{"line":9,"column":56},"end":{"line":11,"column":1}}},"3":{"name":"(anonymous_3)","decl":{"start":{"line":13,"column":32},"end":{"line":13,"column":33}},"loc":{"start":{"line":13,"column":58},"end":{"line":15,"column":1}}},"4":{"name":"(anonymous_4)","decl":{"start":{"line":17,"column":35},"end":{"line":17,"column":36}},"loc":{"start":{"line":17,"column":95},"end":{"line":22,"column":1}}},"5":{"name":"(anonymous_5)","decl":{"start":{"line":24,"column":34},"end":{"line":24,"column":35}},"loc":{"start":{"line":24,"column":58},"end":{"line":33,"column":1}}},"6":{"name":"(anonymous_6)","decl":{"start":{"line":35,"column":26},"end":{"line":35,"column":27}},"loc":{"start":{"line":35,"column":51},"end":{"line":43,"column":1}}},"7":{"name":"(anonymous_7)","decl":{"start":{"line":45,"column":33},"end":{"line":45,"column":34}},"loc":{"start":{"line":45,"column":64},"end":{"line":58,"column":1}}},"8":{"name":"(anonymous_8)","decl":{"start":{"line":60,"column":24},"end":{"line":60,"column":null}},"loc":{"start":{"line":63,"column":7},"end":{"line":69,"column":1}}},"9":{"name":"(anonymous_9)","decl":{"start":{"line":65,"column":10},"end":{"line":65,"column":11}},"loc":{"start":{"line":65,"column":37},"end":{"line":68,"column":3}}},"10":{"name":"(anonymous_10)","decl":{"start":{"line":67,"column":27},"end":{"line":67,"column":30}},"loc":{"start":{"line":67,"column":33},"end":{"line":67,"column":46}}}},"branchMap":{"0":{"loc":{"start":{"line":18,"column":2},"end":{"line":18,"column":31}},"type":"if","locations":[{"start":{"line":18,"column":2},"end":{"line":18,"column":31}}]},"1":{"loc":{"start":{"line":19,"column":2},"end":{"line":19,"column":36}},"type":"if","locations":[{"start":{"line":19,"column":2},"end":{"line":19,"column":36}}]},"2":{"loc":{"start":{"line":20,"column":2},"end":{"line":20,"column":32}},"type":"if","locations":[{"start":{"line":20,"column":2},"end":{"line":20,"column":32}}]},"3":{"loc":{"start":{"line":26,"column":2},"end":{"line":32,"column":3}},"type":"switch","locations":[{"start":{"line":27,"column":4},"end":{"line":27,"column":34}},{"start":{"line":28,"column":4},"end":{"line":28,"column":38}},{"start":{"line":29,"column":4},"end":{"line":29,"column":34}},{"start":{"line":30,"column":4},"end":{"line":30,"column":39}},{"start":{"line":31,"column":4},"end":{"line":31,"column":30}}]},"4":{"loc":{"start":{"line":36,"column":2},"end":{"line":38,"column":3}},"type":"if","locations":[{"start":{"line":36,"column":2},"end":{"line":38,"column":3}}]},"5":{"loc":{"start":{"line":39,"column":2},"end":{"line":41,"column":3}},"type":"if","locations":[{"start":{"line":39,"column":2},"end":{"line":41,"column":3}}]},"6":{"loc":{"start":{"line":50,"column":2},"end":{"line":50,"column":43}},"type":"if","locations":[{"start":{"line":50,"column":2},"end":{"line":50,"column":43}}]},"7":{"loc":{"start":{"line":51,"column":2},"end":{"line":51,"column":57}},"type":"if","locations":[{"start":{"line":51,"column":2},"end":{"line":51,"column":57}}]},"8":{"loc":{"start":{"line":54,"column":2},"end":{"line":54,"column":53}},"type":"if","locations":[{"start":{"line":54,"column":2},"end":{"line":54,"column":53}}]}},"s":{"0":0,"1":0,"2":0,"3":0,"4":0,"5":0,"6":0,"7":0,"8":0,"9":0,"10":0,"11":0,"12":0,"13":0,"14":0,"15":0,"16":0,"17":0,"18":0,"19":0,"20":0,"21":0,"22":0,"23":0,"24":0,"25":0,"26":0,"27":0,"28":0,"29":0,"30":0,"31":0,"32":0,"33":0,"34":0,"35":0,"36":0,"37":0,"38":0,"39":0,"40":0,"41":0,"42":0,"43":0,"44":0,"45":0,"46":0,"47":0,"48":0,"49":0,"50":0,"51":0,"52":0,"53":0,"54":0,"55":0,"56":0},"f":{"0":0,"1":0,"2":0,"3":0,"4":0,"5":0,"6":0,"7":0,"8":0,"9":0,"10":0},"b":{"0":[0],"1":[0],"2":[0],"3":[0,0,0,0,0],"4":[0],"5":[0],"6":[0],"7":[0],"8":[0]}}
,"/home/runner/work/map-tryouts/map-tryouts/src/utils/useRuntimeEnvironment.ts": {"path":"/home/runner/work/map-tryouts/map-tryouts/src/utils/useRuntimeEnvironment.ts","statementMap":{"0":{"start":{"line":7,"column":0},"end":{"line":7,"column":16}},"1":{"start":{"line":1,"column":0},"end":{"line":1,"column":44}},"2":{"start":{"line":2,"column":0},"end":{"line":2,"column":136}},"3":{"start":{"line":8,"column":40},"end":{"line":8,"column":102}},"4":{"start":{"line":8,"column":75},"end":{"line":8,"column":101}},"5":{"start":{"line":9,"column":30},"end":{"line":9,"column":87}},"6":{"start":{"line":9,"column":64},"end":{"line":9,"column":86}},"7":{"start":{"line":11,"column":2},"end":{"line":41,"column":20}},"8":{"start":{"line":12,"column":30},"end":{"line":22,"column":5}},"9":{"start":{"line":13,"column":21},"end":{"line":13,"column":47}},"10":{"start":{"line":14,"column":24},"end":{"line":14,"column":46}},"11":{"start":{"line":17,"column":6},"end":{"line":21,"column":7}},"12":{"start":{"line":18,"column":8},"end":{"line":18,"column":78}},"13":{"start":{"line":19,"column":8},"end":{"line":19,"column":31}},"14":{"start":{"line":20,"column":8},"end":{"line":20,"column":29}},"15":{"start":{"line":25,"column":27},"end":{"line":27,"column":5}},"16":{"start":{"line":26,"column":6},"end":{"line":26,"column":26}},"17":{"start":{"line":30,"column":29},"end":{"line":32,"column":5}},"18":{"start":{"line":31,"column":6},"end":{"line":31,"column":26}},"19":{"start":{"line":34,"column":4},"end":{"line":34,"column":56}},"20":{"start":{"line":35,"column":4},"end":{"line":35,"column":60}},"21":{"start":{"line":37,"column":4},"end":{"line":40,"column":6}},"22":{"start":{"line":38,"column":6},"end":{"line":38,"column":61}},"23":{"start":{"line":39,"column":6},"end":{"line":39,"column":65}},"24":{"start":{"line":43,"column":2},"end":{"line":43,"column":33}}},"fnMap":{"0":{"name":"useRuntimeEnvironment","decl":{"start":{"line":7,"column":16},"end":{"line":7,"column":37}},"loc":{"start":{"line":7,"column":37},"end":{"line":44,"column":1}}},"1":{"name":"(anonymous_1)","decl":{"start":{"line":8,"column":69},"end":{"line":8,"column":72}},"loc":{"start":{"line":8,"column":75},"end":{"line":8,"column":101}}},"2":{"name":"(anonymous_2)","decl":{"start":{"line":9,"column":58},"end":{"line":9,"column":61}},"loc":{"start":{"line":9,"column":64},"end":{"line":9,"column":86}}},"3":{"name":"(anonymous_3)","decl":{"start":{"line":11,"column":12},"end":{"line":11,"column":15}},"loc":{"start":{"line":11,"column":17},"end":{"line":41,"column":3}}},"4":{"name":"(anonymous_4)","decl":{"start":{"line":12,"column":30},"end":{"line":12,"column":33}},"loc":{"start":{"line":12,"column":35},"end":{"line":22,"column":5}}},"5":{"name":"(anonymous_5)","decl":{"start":{"line":25,"column":27},"end":{"line":25,"column":30}},"loc":{"start":{"line":25,"column":32},"end":{"line":27,"column":5}}},"6":{"name":"(anonymous_6)","decl":{"start":{"line":30,"column":29},"end":{"line":30,"column":32}},"loc":{"start":{"line":30,"column":34},"end":{"line":32,"column":5}}},"7":{"name":"(anonymous_7)","decl":{"start":{"line":37,"column":11},"end":{"line":37,"column":14}},"loc":{"start":{"line":37,"column":16},"end":{"line":40,"column":5}}}},"branchMap":{"0":{"loc":{"start":{"line":17,"column":6},"end":{"line":21,"column":7}},"type":"if","locations":[{"start":{"line":17,"column":6},"end":{"line":21,"column":7}}]}},"s":{"0":0,"1":0,"2":0,"3":0,"4":0,"5":0,"6":0,"7":0,"8":0,"9":0,"10":0,"11":0,"12":0,"13":0,"14":0,"15":0,"16":0,"17":0,"18":0,"19":0,"20":0,"21":0,"22":0,"23":0,"24":0},"f":{"0":0,"1":0,"2":0,"3":0,"4":0,"5":0,"6":0,"7":0},"b":{"0":[0]}}
}
