TN:
SF:src/components/map/features/DrawingFeature.tsx
FN:8,DrawingFeature
FNF:1
FNH:0
FNDA:0,DrawingFeature
DA:8,0
DA:10,0
LF:2
LH:0
BRF:0
BRH:0
end_of_record
TN:
SF:src/components/map/features/FullscreenFeature.tsx
FN:5,FullscreenFeature
FNF:1
FNH:0
FNDA:0,FullscreenFeature
DA:5,0
DA:6,0
LF:2
LH:0
BRF:0
BRH:0
end_of_record
TN:
SF:src/components/map/features/MeasurementFeature.tsx
FN:8,MeasurementFeature
FNF:1
FNH:0
FNDA:0,MeasurementFeature
DA:8,0
DA:9,0
LF:2
LH:0
BRF:0
BRH:0
end_of_record
TN:
SF:src/components/map/utils/configAdapter.ts
FN:42,adaptMapConfig
FNF:1
FNH:0
FNDA:0,adaptMapConfig
DA:42,0
DA:43,0
LF:2
LH:0
BRF:0
BRH:0
end_of_record
TN:
SF:src/contexts/store/actions.ts
FN:25,(anonymous_7)
FN:36,(anonymous_9)
FN:41,(anonymous_11)
FN:65,(anonymous_13)
FN:68,(anonymous_14)
FN:77,(anonymous_15)
FN:78,(anonymous_16)
FN:82,(anonymous_17)
FN:85,(anonymous_18)
FN:86,(anonymous_19)
FN:87,(anonymous_20)
FN:91,(anonymous_21)
FN:94,(anonymous_22)
FN:98,(anonymous_23)
FN:99,(anonymous_24)
FN:99,(anonymous_25)
FN:106,(anonymous_26)
FN:107,(anonymous_27)
FN:108,(anonymous_28)
FN:109,(anonymous_29)
FN:114,(anonymous_30)
FN:117,(anonymous_31)
FN:117,(anonymous_32)
FN:124,(anonymous_33)
FN:129,(anonymous_34)
FN:132,(anonymous_35)
FN:132,(anonymous_36)
FN:139,(anonymous_37)
FN:144,(anonymous_38)
FN:147,(anonymous_39)
FN:148,(anonymous_40)
FN:153,(anonymous_41)
FN:154,(anonymous_42)
FN:154,(anonymous_43)
FN:163,(anonymous_44)
FN:164,(anonymous_45)
FN:165,(anonymous_46)
FN:173,(anonymous_47)
FN:178,(anonymous_48)
FN:186,(anonymous_49)
FN:191,(anonymous_50)
FN:196,(anonymous_51)
FN:201,(anonymous_52)
FN:206,(anonymous_53)
FN:211,(anonymous_54)
FN:215,(anonymous_55)
FN:223,(anonymous_56)
FN:228,(anonymous_57)
FN:233,(anonymous_58)
FN:238,(anonymous_59)
FN:243,(anonymous_60)
FN:248,(anonymous_61)
FN:253,(anonymous_62)
FN:258,(anonymous_63)
FN:263,(anonymous_64)
FN:268,(anonymous_65)
FN:273,(anonymous_66)
FN:280,(anonymous_67)
FN:285,(anonymous_68)
FN:290,(anonymous_69)
FN:298,(anonymous_70)
FN:303,(anonymous_71)
FN:308,(anonymous_72)
FN:313,(anonymous_73)
FN:318,(anonymous_74)
FN:323,(anonymous_75)
FN:328,(anonymous_76)
FN:333,(anonymous_77)
FN:338,(anonymous_78)
FNF:69
FNH:0
FNDA:0,(anonymous_7)
FNDA:0,(anonymous_9)
FNDA:0,(anonymous_11)
FNDA:0,(anonymous_13)
FNDA:0,(anonymous_14)
FNDA:0,(anonymous_15)
FNDA:0,(anonymous_16)
FNDA:0,(anonymous_17)
FNDA:0,(anonymous_18)
FNDA:0,(anonymous_19)
FNDA:0,(anonymous_20)
FNDA:0,(anonymous_21)
FNDA:0,(anonymous_22)
FNDA:0,(anonymous_23)
FNDA:0,(anonymous_24)
FNDA:0,(anonymous_25)
FNDA:0,(anonymous_26)
FNDA:0,(anonymous_27)
FNDA:0,(anonymous_28)
FNDA:0,(anonymous_29)
FNDA:0,(anonymous_30)
FNDA:0,(anonymous_31)
FNDA:0,(anonymous_32)
FNDA:0,(anonymous_33)
FNDA:0,(anonymous_34)
FNDA:0,(anonymous_35)
FNDA:0,(anonymous_36)
FNDA:0,(anonymous_37)
FNDA:0,(anonymous_38)
FNDA:0,(anonymous_39)
FNDA:0,(anonymous_40)
FNDA:0,(anonymous_41)
FNDA:0,(anonymous_42)
FNDA:0,(anonymous_43)
FNDA:0,(anonymous_44)
FNDA:0,(anonymous_45)
FNDA:0,(anonymous_46)
FNDA:0,(anonymous_47)
FNDA:0,(anonymous_48)
FNDA:0,(anonymous_49)
FNDA:0,(anonymous_50)
FNDA:0,(anonymous_51)
FNDA:0,(anonymous_52)
FNDA:0,(anonymous_53)
FNDA:0,(anonymous_54)
FNDA:0,(anonymous_55)
FNDA:0,(anonymous_56)
FNDA:0,(anonymous_57)
FNDA:0,(anonymous_58)
FNDA:0,(anonymous_59)
FNDA:0,(anonymous_60)
FNDA:0,(anonymous_61)
FNDA:0,(anonymous_62)
FNDA:0,(anonymous_63)
FNDA:0,(anonymous_64)
FNDA:0,(anonymous_65)
FNDA:0,(anonymous_66)
FNDA:0,(anonymous_67)
FNDA:0,(anonymous_68)
FNDA:0,(anonymous_69)
FNDA:0,(anonymous_70)
FNDA:0,(anonymous_71)
FNDA:0,(anonymous_72)
FNDA:0,(anonymous_73)
FNDA:0,(anonymous_74)
FNDA:0,(anonymous_75)
FNDA:0,(anonymous_76)
FNDA:0,(anonymous_77)
FNDA:0,(anonymous_78)
DA:7,0
DA:8,0
DA:9,0
DA:24,0
DA:26,0
DA:28,0
DA:29,0
DA:30,0
DA:33,0
DA:37,0
DA:38,0
DA:42,0
DA:44,0
DA:45,0
DA:46,0
DA:49,0
DA:50,0
DA:51,0
DA:52,0
DA:53,0
DA:54,0
DA:59,0
DA:64,0
DA:66,0
DA:70,0
DA:72,0
DA:77,0
DA:78,0
DA:83,0
DA:85,0
DA:86,0
DA:87,0
DA:92,0
DA:94,0
DA:98,0
DA:99,0
DA:100,0
DA:101,0
DA:106,0
DA:107,0
DA:108,0
DA:109,0
DA:113,0
DA:115,0
DA:117,0
DA:118,0
DA:119,0
DA:120,0
DA:122,0
DA:124,0
DA:130,0
DA:132,0
DA:133,0
DA:134,0
DA:135,0
DA:137,0
DA:139,0
DA:145,0
DA:147,0
DA:148,0
DA:154,0
DA:155,0
DA:157,0
DA:158,0
DA:159,0
DA:160,0
DA:162,0
DA:163,0
DA:164,0
DA:165,0
DA:168,0
DA:173,0
DA:178,0
DA:185,0
DA:186,0
DA:191,0
DA:196,0
DA:201,0
DA:206,0
DA:211,0
DA:215,0
DA:222,0
DA:223,0
DA:228,0
DA:233,0
DA:238,0
DA:243,0
DA:248,0
DA:253,0
DA:258,0
DA:263,0
DA:268,0
DA:273,0
DA:279,0
DA:280,0
DA:285,0
DA:290,0
DA:297,0
DA:298,0
DA:303,0
DA:308,0
DA:313,0
DA:318,0
DA:323,0
DA:328,0
DA:333,0
DA:338,0
DA:345,0
LF:108
LH:0
BRDA:29,0,0,0
BRDA:29,1,0,0
BRDA:29,1,1,0
BRDA:45,2,0,0
BRDA:49,3,0,0
BRDA:51,4,0,0
BRDA:53,5,0,0
BRDA:65,6,0,0
BRDA:119,7,0,0
BRDA:119,8,0,0
BRDA:119,8,1,0
BRDA:134,9,0,0
BRDA:134,10,0,0
BRDA:134,10,1,0
BRF:14
BRH:0
end_of_record
TN:
SF:src/contexts/store/context.tsx
FNF:0
FNH:0
DA:1,0
DA:17,0
LF:2
LH:0
BRF:0
BRH:0
end_of_record
TN:
SF:src/contexts/store/reducer.ts
FN:112,authReducer
FN:189,mapDataReducer
FN:236,sensorLayersReducer
FN:331,uiReducer
FN:415,themeReducer
FN:441,settingsReducer
FN:503,appReducer
FNF:7
FNH:0
FNDA:0,authReducer
FNDA:0,mapDataReducer
FNDA:0,sensorLayersReducer
FNDA:0,uiReducer
FNDA:0,themeReducer
FNDA:0,settingsReducer
FNDA:0,appReducer
DA:17,0
DA:27,0
DA:38,0
DA:67,0
DA:72,0
DA:84,0
DA:90,0
DA:102,0
DA:113,0
DA:115,0
DA:118,0
DA:127,0
DA:135,0
DA:138,0
DA:144,0
DA:147,0
DA:150,0
DA:158,0
DA:165,0
DA:171,0
DA:177,0
DA:183,0
DA:186,0
DA:190,0
DA:192,0
DA:195,0
DA:198,0
DA:204,0
DA:210,0
DA:216,0
DA:219,0
DA:225,0
DA:228,0
DA:231,0
DA:237,0
DA:239,0
DA:255,0
DA:270,0
DA:285,0
DA:300,0
DA:314,0
DA:320,0
DA:326,0
DA:332,0
DA:334,0
DA:340,0
DA:346,0
DA:352,0
DA:360,0
DA:368,0
DA:376,0
DA:382,0
DA:388,0
DA:398,0
DA:404,0
DA:410,0
DA:416,0
DA:418,0
DA:424,0
DA:430,0
DA:436,0
DA:442,0
DA:444,0
DA:450,0
DA:456,0
DA:462,0
DA:468,0
DA:474,0
DA:480,0
DA:486,0
DA:492,0
DA:498,0
DA:503,0
DA:505,0
DA:506,0
DA:512,0
DA:513,0
DA:519,0
DA:520,0
DA:526,0
DA:527,0
DA:533,0
DA:534,0
DA:540,0
DA:541,0
DA:548,0
DA:549,0
LF:87
LH:0
BRDA:113,0,0,0
BRDA:113,0,1,0
BRDA:113,0,2,0
BRDA:113,0,3,0
BRDA:113,0,4,0
BRDA:113,0,5,0
BRDA:113,0,6,0
BRDA:113,0,7,0
BRDA:113,0,8,0
BRDA:113,0,9,0
BRDA:113,0,10,0
BRDA:113,0,11,0
BRDA:113,0,12,0
BRDA:113,0,13,0
BRDA:190,1,0,0
BRDA:190,1,1,0
BRDA:190,1,2,0
BRDA:190,1,3,0
BRDA:190,1,4,0
BRDA:190,1,5,0
BRDA:190,1,6,0
BRDA:190,1,7,0
BRDA:190,1,8,0
BRDA:190,1,9,0
BRDA:237,2,0,0
BRDA:237,2,1,0
BRDA:237,2,2,0
BRDA:237,2,3,0
BRDA:237,2,4,0
BRDA:237,2,5,0
BRDA:237,2,6,0
BRDA:237,2,7,0
BRDA:249,3,0,0
BRDA:249,3,1,0
BRDA:249,4,0,0
BRDA:249,4,1,0
BRDA:249,5,0,0
BRDA:249,5,1,0
BRDA:249,6,0,0
BRDA:249,6,1,0
BRDA:261,7,0,0
BRDA:261,7,1,0
BRDA:261,8,0,0
BRDA:261,8,1,0
BRDA:261,9,0,0
BRDA:261,9,1,0
BRDA:264,10,0,0
BRDA:264,10,1,0
BRDA:264,11,0,0
BRDA:264,11,1,0
BRDA:264,12,0,0
BRDA:264,12,1,0
BRDA:264,13,0,0
BRDA:264,13,1,0
BRDA:276,14,0,0
BRDA:276,14,1,0
BRDA:276,15,0,0
BRDA:276,15,1,0
BRDA:276,16,0,0
BRDA:276,16,1,0
BRDA:279,17,0,0
BRDA:279,17,1,0
BRDA:279,18,0,0
BRDA:279,18,1,0
BRDA:279,19,0,0
BRDA:279,19,1,0
BRDA:279,20,0,0
BRDA:279,20,1,0
BRDA:291,21,0,0
BRDA:291,21,1,0
BRDA:291,22,0,0
BRDA:291,22,1,0
BRDA:291,23,0,0
BRDA:291,23,1,0
BRDA:292,24,0,0
BRDA:292,24,1,0
BRDA:292,25,0,0
BRDA:292,25,1,0
BRDA:292,26,0,0
BRDA:292,26,1,0
BRDA:292,27,0,0
BRDA:292,27,1,0
BRDA:293,28,0,0
BRDA:293,28,1,0
BRDA:293,29,0,0
BRDA:293,29,1,0
BRDA:293,30,0,0
BRDA:293,30,1,0
BRDA:293,31,0,0
BRDA:293,31,1,0
BRDA:308,32,0,0
BRDA:308,32,1,0
BRDA:308,33,0,0
BRDA:308,33,1,0
BRDA:308,34,0,0
BRDA:308,34,1,0
BRDA:308,35,0,0
BRDA:308,35,1,0
BRDA:332,36,0,0
BRDA:332,36,1,0
BRDA:332,36,2,0
BRDA:332,36,3,0
BRDA:332,36,4,0
BRDA:332,36,5,0
BRDA:332,36,6,0
BRDA:332,36,7,0
BRDA:332,36,8,0
BRDA:332,36,9,0
BRDA:332,36,10,0
BRDA:332,36,11,0
BRDA:355,37,0,0
BRDA:355,37,1,0
BRDA:356,38,0,0
BRDA:356,38,1,0
BRDA:363,39,0,0
BRDA:363,39,1,0
BRDA:364,40,0,0
BRDA:364,40,1,0
BRDA:371,41,0,0
BRDA:371,41,1,0
BRDA:372,42,0,0
BRDA:372,42,1,0
BRDA:416,43,0,0
BRDA:416,43,1,0
BRDA:416,43,2,0
BRDA:416,43,3,0
BRDA:442,44,0,0
BRDA:442,44,1,0
BRDA:442,44,2,0
BRDA:442,44,3,0
BRDA:442,44,4,0
BRDA:442,44,5,0
BRDA:442,44,6,0
BRDA:442,44,7,0
BRDA:442,44,8,0
BRDA:442,44,9,0
BRDA:505,45,0,0
BRDA:512,46,0,0
BRDA:519,47,0,0
BRDA:526,48,0,0
BRDA:533,49,0,0
BRDA:540,50,0,0
BRF:142
BRH:0
end_of_record
TN:
SF:src/contexts/store/utils.ts
FN:46,(anonymous_7)
FN:52,(anonymous_8)
FN:52,(anonymous_9)
FN:72,(anonymous_10)
FN:78,(anonymous_11)
FN:78,(anonymous_12)
FN:103,(anonymous_13)
FN:119,(anonymous_14)
FN:127,(anonymous_15)
FN:128,(anonymous_16)
FN:135,(anonymous_17)
FN:144,(anonymous_18)
FN:153,(anonymous_19)
FN:165,(anonymous_20)
FN:175,(anonymous_21)
FN:179,(anonymous_22)
FN:191,(anonymous_23)
FN:207,(anonymous_24)
FN:223,(anonymous_25)
FN:239,(anonymous_26)
FN:258,(anonymous_27)
FN:270,(anonymous_28)
FN:282,(anonymous_29)
FN:298,(anonymous_30)
FN:299,(anonymous_31)
FN:311,(anonymous_32)
FN:312,(anonymous_33)
FN:318,(anonymous_34)
FN:323,(anonymous_35)
FNF:29
FNH:0
FNDA:0,(anonymous_7)
FNDA:0,(anonymous_8)
FNDA:0,(anonymous_9)
FNDA:0,(anonymous_10)
FNDA:0,(anonymous_11)
FNDA:0,(anonymous_12)
FNDA:0,(anonymous_13)
FNDA:0,(anonymous_14)
FNDA:0,(anonymous_15)
FNDA:0,(anonymous_16)
FNDA:0,(anonymous_17)
FNDA:0,(anonymous_18)
FNDA:0,(anonymous_19)
FNDA:0,(anonymous_20)
FNDA:0,(anonymous_21)
FNDA:0,(anonymous_22)
FNDA:0,(anonymous_23)
FNDA:0,(anonymous_24)
FNDA:0,(anonymous_25)
FNDA:0,(anonymous_26)
FNDA:0,(anonymous_27)
FNDA:0,(anonymous_28)
FNDA:0,(anonymous_29)
FNDA:0,(anonymous_30)
FNDA:0,(anonymous_31)
FNDA:0,(anonymous_32)
FNDA:0,(anonymous_33)
FNDA:0,(anonymous_34)
FNDA:0,(anonymous_35)
DA:12,0
DA:36,0
DA:46,0
DA:52,0
DA:53,0
DA:55,0
DA:56,0
DA:57,0
DA:58,0
DA:60,0
DA:61,0
DA:62,0
DA:63,0
DA:72,0
DA:78,0
DA:80,0
DA:81,0
DA:83,0
DA:84,0
DA:85,0
DA:86,0
DA:88,0
DA:90,0
DA:91,0
DA:92,0
DA:94,0
DA:103,0
DA:107,0
DA:119,0
DA:120,0
DA:127,0
DA:128,0
DA:135,0
DA:136,0
DA:137,0
DA:144,0
DA:145,0
DA:153,0
DA:154,0
DA:155,0
DA:157,0
DA:164,0
DA:166,0
DA:167,0
DA:168,0
DA:170,0
DA:171,0
DA:176,0
DA:180,0
DA:181,0
DA:191,0
DA:195,0
DA:207,0
DA:211,0
DA:223,0
DA:227,0
DA:239,0
DA:243,0
DA:254,0
DA:261,0
DA:273,0
DA:284,0
DA:294,0
DA:299,0
DA:300,0
DA:301,0
DA:302,0
DA:303,0
DA:305,0
DA:312,0
DA:323,0
LF:71
LH:0
BRDA:60,0,0,0
BRDA:60,0,1,0
BRDA:88,1,0,0
BRDA:88,1,1,0
BRDA:89,2,0,0
BRDA:89,2,1,0
BRDA:111,3,0,0
BRDA:111,3,1,0
BRDA:111,4,0,0
BRDA:111,4,1,0
BRDA:111,5,0,0
BRDA:111,5,1,0
BRDA:127,6,0,0
BRDA:145,7,0,0
BRDA:145,7,1,0
BRDA:154,8,0,0
BRDA:166,9,0,0
BRDA:166,9,1,0
BRDA:176,10,0,0
BRDA:176,10,1,0
BRDA:226,11,0,0
BRDA:264,12,0,0
BRDA:264,12,1,0
BRDA:300,13,0,0
BRDA:323,14,0,0
BRDA:323,14,1,0
BRF:26
BRH:0
end_of_record
TN:
SF:src/data/wifiData.ts
FN:161,(anonymous_0)
FN:165,(anonymous_1)
FN:219,(anonymous_2)
FN:220,(anonymous_3)
FN:221,(anonymous_4)
FN:222,(anonymous_5)
FN:223,(anonymous_6)
FN:224,(anonymous_7)
FN:225,(anonymous_8)
FN:225,(anonymous_9)
FNF:10
FNH:0
FNDA:0,(anonymous_0)
FNDA:0,(anonymous_1)
FNDA:0,(anonymous_2)
FNDA:0,(anonymous_3)
FNDA:0,(anonymous_4)
FNDA:0,(anonymous_5)
FNDA:0,(anonymous_6)
FNDA:0,(anonymous_7)
FNDA:0,(anonymous_8)
FNDA:0,(anonymous_9)
DA:27,0
DA:161,0
DA:162,0
DA:165,0
DA:167,0
DA:168,0
DA:170,0
DA:171,0
DA:172,0
DA:174,0
DA:175,0
DA:178,0
DA:179,0
DA:181,0
DA:191,0
DA:192,0
DA:200,0
DA:204,0
DA:217,0
DA:219,0
DA:220,0
DA:221,0
DA:222,0
DA:223,0
DA:224,0
DA:225,0
LF:26
LH:0
BRF:0
BRH:0
end_of_record
TN:
SF:src/hooks/index.ts
FN:1,(anonymous_0)
FN:1,(anonymous_1)
FN:1,(anonymous_2)
FNF:3
FNH:0
FNDA:0,(anonymous_0)
FNDA:0,(anonymous_1)
FNDA:0,(anonymous_2)
DA:1,0
LF:1
LH:0
BRF:0
BRH:0
end_of_record
TN:
SF:src/hooks/useAirQuality.ts
FN:17,(anonymous_7)
FN:24,(anonymous_8)
FN:24,(anonymous_9)
FN:41,(anonymous_10)
FN:48,(anonymous_11)
FN:48,(anonymous_12)
FN:53,(anonymous_13)
FN:58,(anonymous_14)
FN:65,(anonymous_15)
FN:69,(anonymous_16)
FN:85,(anonymous_17)
FN:98,(anonymous_18)
FN:99,(anonymous_19)
FNF:13
FNH:0
FNDA:0,(anonymous_7)
FNDA:0,(anonymous_8)
FNDA:0,(anonymous_9)
FNDA:0,(anonymous_10)
FNDA:0,(anonymous_11)
FNDA:0,(anonymous_12)
FNDA:0,(anonymous_13)
FNDA:0,(anonymous_14)
FNDA:0,(anonymous_15)
FNDA:0,(anonymous_16)
FNDA:0,(anonymous_17)
FNDA:0,(anonymous_18)
FNDA:0,(anonymous_19)
DA:1,0
DA:3,0
DA:17,0
DA:18,0
DA:19,0
DA:20,0
DA:21,0
DA:22,0
DA:24,0
DA:25,0
DA:26,0
DA:27,0
DA:29,0
DA:31,0
DA:32,0
DA:33,0
DA:36,0
DA:37,0
DA:38,0
DA:41,0
DA:44,0
DA:48,0
DA:49,0
DA:53,0
DA:54,0
DA:58,0
DA:59,0
DA:62,0
DA:63,0
DA:65,0
DA:66,0
DA:69,0
DA:72,0
DA:85,0
DA:98,0
DA:99,0
DA:101,0
DA:102,0
DA:106,0
DA:107,0
DA:111,0
DA:112,0
DA:113,0
DA:119,0
DA:123,0
LF:45
LH:0
BRDA:17,0,0,0
BRDA:17,1,0,0
BRDA:36,2,0,0
BRDA:36,2,1,0
BRDA:59,3,0,0
BRDA:63,4,0,0
BRDA:63,4,1,0
BRDA:87,5,0,0
BRDA:101,6,0,0
BRDA:101,7,0,0
BRDA:101,7,1,0
BRDA:106,8,0,0
BRDA:106,9,0,0
BRDA:106,9,1,0
BRDA:111,10,0,0
BRDA:113,11,0,0
BRDA:114,12,0,0
BRDA:114,12,1,0
BRDA:114,12,2,0
BRDA:114,12,3,0
BRF:20
BRH:0
end_of_record
TN:
SF:src/hooks/useTracking.ts
FN:4,(anonymous_0)
FN:5,(anonymous_1)
FNF:2
FNH:0
FNDA:0,(anonymous_0)
FNDA:0,(anonymous_1)
DA:1,0
DA:2,0
DA:4,0
DA:5,0
DA:6,0
DA:7,0
DA:13,0
DA:16,0
LF:8
LH:0
BRF:0
BRH:0
end_of_record
TN:
SF:src/modules/dashboard/index.ts
FNF:0
FNH:0
DA:1,0
DA:2,0
LF:2
LH:0
BRF:0
BRH:0
end_of_record
TN:
SF:src/modules/dashboard/components/MapEvents.tsx
FN:8,MapEvents
FNF:1
FNH:0
FNDA:0,MapEvents
DA:1,0
DA:8,0
DA:9,0
DA:13,0
LF:4
LH:0
BRF:0
BRH:0
end_of_record
TN:
SF:src/modules/dashboard/hooks/index.ts
FN:1,(anonymous_0)
FN:2,(anonymous_1)
FNF:2
FNH:0
FNDA:0,(anonymous_0)
FNDA:0,(anonymous_1)
DA:1,0
DA:2,0
LF:2
LH:0
BRF:0
BRH:0
end_of_record
TN:
SF:src/modules/dashboard/hooks/useGreenZones.ts
FN:5,(anonymous_7)
FN:10,(anonymous_8)
FN:10,(anonymous_9)
FN:28,(anonymous_10)
FN:32,(anonymous_11)
FNF:5
FNH:0
FNDA:0,(anonymous_7)
FNDA:0,(anonymous_8)
FNDA:0,(anonymous_9)
FNDA:0,(anonymous_10)
FNDA:0,(anonymous_11)
DA:1,0
DA:3,0
DA:5,0
DA:6,0
DA:7,0
DA:8,0
DA:10,0
DA:11,0
DA:12,0
DA:13,0
DA:14,0
DA:16,0
DA:17,0
DA:19,0
DA:22,0
DA:24,0
DA:28,0
DA:29,0
DA:32,0
DA:33,0
DA:36,0
LF:21
LH:0
BRDA:16,0,0,0
BRDA:16,0,1,0
BRDA:16,1,0,0
BRDA:16,1,1,0
BRDA:19,2,0,0
BRDA:19,2,1,0
BRDA:22,3,0,0
BRDA:22,3,1,0
BRF:8
BRH:0
end_of_record
TN:
SF:src/modules/dashboard/hooks/useSensors.ts
FN:5,(anonymous_7)
FN:10,(anonymous_8)
FN:10,(anonymous_9)
FN:28,(anonymous_10)
FN:32,(anonymous_11)
FNF:5
FNH:0
FNDA:0,(anonymous_7)
FNDA:0,(anonymous_8)
FNDA:0,(anonymous_9)
FNDA:0,(anonymous_10)
FNDA:0,(anonymous_11)
DA:1,0
DA:3,0
DA:5,0
DA:6,0
DA:7,0
DA:8,0
DA:10,0
DA:11,0
DA:12,0
DA:13,0
DA:14,0
DA:16,0
DA:17,0
DA:19,0
DA:22,0
DA:24,0
DA:28,0
DA:29,0
DA:32,0
DA:33,0
DA:36,0
LF:21
LH:0
BRDA:16,0,0,0
BRDA:16,0,1,0
BRDA:16,1,0,0
BRDA:16,1,1,0
BRDA:19,2,0,0
BRDA:19,2,1,0
BRDA:22,3,0,0
BRDA:22,3,1,0
BRF:8
BRH:0
end_of_record
TN:
SF:src/plugins/build-metadata.ts
FN:9,buildMetadata
FN:14,(anonymous_1)
FNF:2
FNH:0
FNDA:0,buildMetadata
FNDA:0,(anonymous_1)
DA:2,0
DA:9,0
DA:10,0
DA:12,0
DA:16,0
DA:17,0
DA:19,0
DA:22,0
DA:24,0
DA:25,0
DA:27,0
DA:28,0
DA:31,0
DA:32,0
DA:36,0
DA:37,0
DA:38,0
DA:40,0
DA:44,0
DA:47,0
DA:54,0
DA:55,0
DA:57,0
DA:58,0
DA:62,0
LF:25
LH:0
BRDA:9,0,0,0
BRDA:10,1,0,0
BRDA:10,2,0,0
BRDA:16,3,0,0
BRDA:22,4,0,0
BRDA:22,4,1,0
BRDA:22,4,2,0
BRDA:22,4,3,0
BRDA:44,5,0,0
BRDA:44,5,1,0
BRF:10
BRH:0
end_of_record
TN:
SF:src/services/httpService.ts
FN:8,(anonymous_7)
FN:12,(anonymous_8)
FN:15,(anonymous_10)
FN:42,(anonymous_11)
FN:46,(anonymous_13)
FN:50,(anonymous_15)
FN:60,(anonymous_17)
FNF:7
FNH:0
FNDA:0,(anonymous_7)
FNDA:0,(anonymous_8)
FNDA:0,(anonymous_10)
FNDA:0,(anonymous_11)
FNDA:0,(anonymous_13)
FNDA:0,(anonymous_15)
FNDA:0,(anonymous_17)
DA:1,0
DA:9,0
DA:13,0
DA:14,0
DA:15,0
DA:19,0
DA:25,0
DA:27,0
DA:28,0
DA:29,0
DA:30,0
DA:31,0
DA:34,0
DA:43,0
DA:47,0
DA:51,0
DA:52,0
DA:53,0
DA:60,0
DA:61,0
DA:68,0
LF:21
LH:0
BRDA:15,0,0,0
BRDA:15,0,1,0
BRDA:28,1,0,0
BRDA:28,1,1,0
BRDA:29,2,0,0
BRDA:29,2,1,0
BRDA:29,2,2,0
BRDA:29,3,0,0
BRDA:29,3,1,0
BRDA:29,4,0,0
BRDA:29,4,1,0
BRDA:29,5,0,0
BRDA:29,5,1,0
BRDA:29,6,0,0
BRDA:29,6,1,0
BRDA:29,7,0,0
BRDA:29,7,1,0
BRDA:29,8,0,0
BRDA:29,8,1,0
BRDA:29,9,0,0
BRDA:29,9,1,0
BRDA:29,10,0,0
BRDA:29,10,1,0
BRDA:30,11,0,0
BRDA:52,12,0,0
BRDA:52,13,0,0
BRDA:52,13,1,0
BRDA:60,14,0,0
BRDA:60,14,1,0
BRF:29
BRH:0
end_of_record
TN:
SF:src/services/index.ts
FN:7,(anonymous_4)
FN:17,(anonymous_5)
FNF:2
FNH:0
FNDA:0,(anonymous_4)
FNDA:0,(anonymous_5)
DA:1,0
DA:2,0
DA:5,0
DA:7,0
DA:8,0
DA:9,0
DA:10,0
DA:12,0
DA:16,0
DA:18,0
DA:19,0
DA:21,0
DA:22,0
DA:24,0
DA:28,0
LF:15
LH:0
BRDA:8,0,0,0
BRDA:21,1,0,0
BRF:2
BRH:0
end_of_record
TN:
SF:src/services/trackingService.ts
FN:22,(anonymous_7)
FN:46,(anonymous_8)
FN:57,(anonymous_9)
FN:60,(anonymous_10)
FN:68,(anonymous_11)
FN:90,(anonymous_13)
FN:92,(anonymous_14)
FN:92,(anonymous_15)
FN:95,(anonymous_16)
FNF:9
FNH:0
FNDA:0,(anonymous_7)
FNDA:0,(anonymous_8)
FNDA:0,(anonymous_9)
FNDA:0,(anonymous_10)
FNDA:0,(anonymous_11)
FNDA:0,(anonymous_13)
FNDA:0,(anonymous_14)
FNDA:0,(anonymous_15)
FNDA:0,(anonymous_16)
DA:6,0
DA:16,0
DA:17,0
DA:18,0
DA:19,0
DA:20,0
DA:24,0
DA:25,0
DA:27,0
DA:28,0
DA:29,0
DA:33,0
DA:34,0
DA:35,0
DA:36,0
DA:43,0
DA:47,0
DA:53,0
DA:54,0
DA:57,0
DA:61,0
DA:62,0
DA:69,0
DA:71,0
DA:73,0
DA:74,0
DA:80,0
DA:82,0
DA:83,0
DA:91,0
DA:92,0
DA:96,0
DA:97,0
DA:98,0
DA:102,0
LF:35
LH:0
BRDA:25,0,0,0
BRDA:25,1,0,0
BRDA:25,1,1,0
BRDA:25,1,2,0
BRDA:28,2,0,0
BRDA:28,2,1,0
BRDA:28,3,0,0
BRDA:28,3,1,0
BRDA:28,4,0,0
BRDA:28,4,1,0
BRDA:29,5,0,0
BRDA:29,5,1,0
BRDA:29,6,0,0
BRDA:29,6,1,0
BRDA:29,7,0,0
BRDA:29,7,1,0
BRDA:34,8,0,0
BRDA:49,9,0,0
BRDA:49,9,1,0
BRDA:51,10,0,0
BRDA:51,10,1,0
BRDA:51,11,0,0
BRDA:51,11,1,0
BRDA:69,12,0,0
BRDA:69,13,0,0
BRDA:69,13,1,0
BRDA:80,14,0,0
BRDA:91,15,0,0
BRDA:96,16,0,0
BRF:29
BRH:0
end_of_record
TN:
SF:src/types/airQuality.ts
FNF:0
FNH:0
DA:116,0
DA:157,0
LF:2
LH:0
BRF:0
BRH:0
end_of_record
TN:
SF:src/utils/index.ts
FN:1,(anonymous_0)
FN:5,(anonymous_1)
FN:9,(anonymous_2)
FN:13,(anonymous_3)
FN:17,(anonymous_4)
FN:24,(anonymous_5)
FN:35,(anonymous_6)
FN:45,(anonymous_7)
FN:60,(anonymous_8)
FN:65,(anonymous_9)
FN:67,(anonymous_10)
FNF:11
FNH:0
FNDA:0,(anonymous_0)
FNDA:0,(anonymous_1)
FNDA:0,(anonymous_2)
FNDA:0,(anonymous_3)
FNDA:0,(anonymous_4)
FNDA:0,(anonymous_5)
FNDA:0,(anonymous_6)
FNDA:0,(anonymous_7)
FNDA:0,(anonymous_8)
FNDA:0,(anonymous_9)
FNDA:0,(anonymous_10)
DA:1,0
DA:2,0
DA:5,0
DA:6,0
DA:9,0
DA:10,0
DA:13,0
DA:14,0
DA:17,0
DA:18,0
DA:19,0
DA:20,0
DA:21,0
DA:24,0
DA:25,0
DA:26,0
DA:27,0
DA:28,0
DA:29,0
DA:30,0
DA:31,0
DA:35,0
DA:36,0
DA:37,0
DA:39,0
DA:40,0
DA:42,0
DA:45,0
DA:46,0
DA:47,0
DA:48,0
DA:50,0
DA:51,0
DA:53,0
DA:54,0
DA:56,0
DA:57,0
DA:60,0
DA:65,0
DA:66,0
DA:67,0
LF:41
LH:0
BRDA:18,0,0,0
BRDA:19,1,0,0
BRDA:20,2,0,0
BRDA:26,3,0,0
BRDA:26,3,1,0
BRDA:26,3,2,0
BRDA:26,3,3,0
BRDA:26,3,4,0
BRDA:36,4,0,0
BRDA:39,5,0,0
BRDA:50,6,0,0
BRDA:51,7,0,0
BRDA:54,8,0,0
BRF:13
BRH:0
end_of_record
TN:
SF:src/utils/useRuntimeEnvironment.ts
FN:7,useRuntimeEnvironment
FN:8,(anonymous_1)
FN:9,(anonymous_2)
FN:11,(anonymous_3)
FN:12,(anonymous_4)
FN:25,(anonymous_5)
FN:30,(anonymous_6)
FN:37,(anonymous_7)
FNF:8
FNH:0
FNDA:0,useRuntimeEnvironment
FNDA:0,(anonymous_1)
FNDA:0,(anonymous_2)
FNDA:0,(anonymous_3)
FNDA:0,(anonymous_4)
FNDA:0,(anonymous_5)
FNDA:0,(anonymous_6)
FNDA:0,(anonymous_7)
DA:1,0
DA:2,0
DA:7,0
DA:8,0
DA:9,0
DA:11,0
DA:12,0
DA:13,0
DA:14,0
DA:17,0
DA:18,0
DA:19,0
DA:20,0
DA:25,0
DA:26,0
DA:30,0
DA:31,0
DA:34,0
DA:35,0
DA:37,0
DA:38,0
DA:39,0
DA:43,0
LF:23
LH:0
BRDA:17,0,0,0
BRF:1
BRH:0
end_of_record
